{"/home/travis/build/npmtest/node-npmtest-ipp/test.js":{"path":"/home/travis/build/npmtest/node-npmtest-ipp/test.js","s":{"1":2,"2":2,"3":2,"4":2,"5":2,"6":2,"7":2,"8":1,"9":2,"10":2,"11":1,"12":1,"13":1,"14":1,"15":2,"16":2,"17":2,"18":2,"19":1,"20":1,"21":2,"22":2,"23":2,"24":1,"25":1,"26":1,"27":1,"28":1,"29":1,"30":1,"31":1,"32":1,"33":1,"34":1,"35":1,"36":1,"37":1,"38":1,"39":2,"40":2,"41":1,"42":2,"43":2,"44":1,"45":2,"46":2,"47":1,"48":2,"49":2,"50":1,"51":1,"52":1,"53":1,"54":1},"b":{"1":[2,1,1,1],"2":[1,1,1,1],"3":[1,1],"4":[1,1],"5":[1,1],"6":[1,1],"7":[1,1],"8":[1,1],"9":[1,1],"10":[1,1,1],"11":[1,1],"12":[1,1],"13":[1,1],"14":[1,1],"15":[1,1],"16":[1,1],"17":[1,1]},"f":{"1":2,"2":2,"3":2,"4":2,"5":2,"6":1,"7":1,"8":1,"9":2,"10":2,"11":2,"12":2,"13":1},"fnMap":{"1":{"name":"(anonymous_1)","line":12,"loc":{"start":{"line":12,"column":1},"end":{"line":12,"column":13}}},"2":{"name":"(anonymous_2)","line":19,"loc":{"start":{"line":19,"column":5},"end":{"line":19,"column":17}}},"3":{"name":"(anonymous_3)","line":23,"loc":{"start":{"line":23,"column":24},"end":{"line":23,"column":36}}},"4":{"name":"(anonymous_4)","line":61,"loc":{"start":{"line":61,"column":5},"end":{"line":61,"column":17}}},"5":{"name":"(anonymous_5)","line":82,"loc":{"start":{"line":82,"column":5},"end":{"line":82,"column":17}}},"6":{"name":"(anonymous_6)","line":91,"loc":{"start":{"line":91,"column":77},"end":{"line":94,"column":10}}},"7":{"name":"(anonymous_7)","line":112,"loc":{"start":{"line":112,"column":83},"end":{"line":115,"column":10}},"skip":true},"8":{"name":"(anonymous_8)","line":123,"loc":{"start":{"line":123,"column":77},"end":{"line":126,"column":10}},"skip":true},"9":{"name":"(anonymous_9)","line":139,"loc":{"start":{"line":139,"column":12},"end":{"line":139,"column":40}},"skip":true},"10":{"name":"(anonymous_10)","line":147,"loc":{"start":{"line":147,"column":77},"end":{"line":150,"column":10}},"skip":true},"11":{"name":"(anonymous_11)","line":158,"loc":{"start":{"line":158,"column":83},"end":{"line":161,"column":10}},"skip":true},"12":{"name":"(anonymous_12)","line":169,"loc":{"start":{"line":169,"column":79},"end":{"line":172,"column":10}},"skip":true},"13":{"name":"(anonymous_13)","line":180,"loc":{"start":{"line":180,"column":75},"end":{"line":183,"column":10}},"skip":true}},"statementMap":{"1":{"start":{"line":12,"column":0},"end":{"line":195,"column":5}},"2":{"start":{"line":14,"column":4},"end":{"line":14,"column":14}},"3":{"start":{"line":19,"column":4},"end":{"line":56,"column":9}},"4":{"start":{"line":21,"column":8},"end":{"line":21,"column":19}},"5":{"start":{"line":23,"column":8},"end":{"line":35,"column":13}},"6":{"start":{"line":24,"column":12},"end":{"line":34,"column":13}},"7":{"start":{"line":25,"column":16},"end":{"line":28,"column":30}},"8":{"start":{"line":30,"column":16},"end":{"line":33,"column":27}},"9":{"start":{"line":37,"column":8},"end":{"line":39,"column":21}},"10":{"start":{"line":40,"column":8},"end":{"line":53,"column":9}},"11":{"start":{"line":43,"column":12},"end":{"line":46,"column":14}},"12":{"start":{"line":47,"column":12},"end":{"line":47,"column":18}},"13":{"start":{"line":50,"column":12},"end":{"line":51,"column":46}},"14":{"start":{"line":52,"column":12},"end":{"line":52,"column":18}},"15":{"start":{"line":55,"column":8},"end":{"line":55,"column":35}},"16":{"start":{"line":61,"column":4},"end":{"line":63,"column":9}},"17":{"start":{"line":62,"column":8},"end":{"line":62,"column":15}},"18":{"start":{"line":64,"column":4},"end":{"line":77,"column":5}},"19":{"start":{"line":70,"column":8},"end":{"line":70,"column":14}},"20":{"start":{"line":76,"column":8},"end":{"line":76,"column":14}},"21":{"start":{"line":82,"column":4},"end":{"line":84,"column":9}},"22":{"start":{"line":83,"column":8},"end":{"line":83,"column":15}},"23":{"start":{"line":85,"column":4},"end":{"line":194,"column":5}},"24":{"start":{"line":91,"column":8},"end":{"line":99,"column":10}},"25":{"start":{"line":98,"column":12},"end":{"line":98,"column":35}},"26":{"start":{"line":102,"column":8},"end":{"line":104,"column":63}},"27":{"start":{"line":105,"column":8},"end":{"line":105,"column":14}},"28":{"start":{"line":112,"column":8},"end":{"line":121,"column":10},"skip":true},"29":{"start":{"line":119,"column":12},"end":{"line":119,"column":55},"skip":true},"30":{"start":{"line":120,"column":12},"end":{"line":120,"column":48},"skip":true},"31":{"start":{"line":123,"column":8},"end":{"line":136,"column":10},"skip":true},"32":{"start":{"line":130,"column":12},"end":{"line":130,"column":76},"skip":true},"33":{"start":{"line":131,"column":12},"end":{"line":131,"column":73},"skip":true},"34":{"start":{"line":132,"column":12},"end":{"line":132,"column":74},"skip":true},"35":{"start":{"line":133,"column":12},"end":{"line":133,"column":79},"skip":true},"36":{"start":{"line":134,"column":12},"end":{"line":134,"column":25},"skip":true},"37":{"start":{"line":135,"column":12},"end":{"line":135,"column":45},"skip":true},"38":{"start":{"line":138,"column":8},"end":{"line":145,"column":14},"skip":true},"39":{"start":{"line":143,"column":16},"end":{"line":143,"column":29},"skip":true},"40":{"start":{"line":144,"column":16},"end":{"line":144,"column":55},"skip":true},"41":{"start":{"line":147,"column":8},"end":{"line":156,"column":10},"skip":true},"42":{"start":{"line":154,"column":12},"end":{"line":154,"column":25},"skip":true},"43":{"start":{"line":155,"column":12},"end":{"line":155,"column":45},"skip":true},"44":{"start":{"line":158,"column":8},"end":{"line":167,"column":10},"skip":true},"45":{"start":{"line":165,"column":12},"end":{"line":165,"column":25},"skip":true},"46":{"start":{"line":166,"column":12},"end":{"line":166,"column":48},"skip":true},"47":{"start":{"line":169,"column":8},"end":{"line":178,"column":10},"skip":true},"48":{"start":{"line":176,"column":12},"end":{"line":176,"column":25},"skip":true},"49":{"start":{"line":177,"column":12},"end":{"line":177,"column":46},"skip":true},"50":{"start":{"line":180,"column":8},"end":{"line":189,"column":10},"skip":true},"51":{"start":{"line":187,"column":12},"end":{"line":187,"column":94},"skip":true},"52":{"start":{"line":188,"column":12},"end":{"line":188,"column":48},"skip":true},"53":{"start":{"line":192,"column":8},"end":{"line":192,"column":35},"skip":true},"54":{"start":{"line":193,"column":8},"end":{"line":193,"column":14},"skip":true}},"branchMap":{"1":{"line":25,"type":"binary-expr","locations":[{"start":{"line":25,"column":23},"end":{"line":25,"column":62}},{"start":{"line":26,"column":20},"end":{"line":26,"column":70}},{"start":{"line":27,"column":20},"end":{"line":27,"column":71}},{"start":{"line":28,"column":20},"end":{"line":28,"column":29}}]},"2":{"line":30,"type":"binary-expr","locations":[{"start":{"line":30,"column":23},"end":{"line":30,"column":37}},{"start":{"line":31,"column":20},"end":{"line":31,"column":61}},{"start":{"line":32,"column":20},"end":{"line":32,"column":70}},{"start":{"line":33,"column":20},"end":{"line":33,"column":26}}]},"3":{"line":37,"type":"cond-expr","locations":[{"start":{"line":38,"column":14},"end":{"line":38,"column":20}},{"start":{"line":39,"column":14},"end":{"line":39,"column":20}}]},"4":{"line":40,"type":"switch","locations":[{"start":{"line":42,"column":8},"end":{"line":47,"column":18}},{"start":{"line":49,"column":8},"end":{"line":52,"column":18}}]},"5":{"line":44,"type":"binary-expr","locations":[{"start":{"line":44,"column":16},"end":{"line":44,"column":44}},{"start":{"line":44,"column":48},"end":{"line":44,"column":66}}]},"6":{"line":50,"type":"binary-expr","locations":[{"start":{"line":50,"column":21},"end":{"line":50,"column":49}},{"start":{"line":50,"column":53},"end":{"line":50,"column":72}}]},"7":{"line":64,"type":"switch","locations":[{"start":{"line":69,"column":4},"end":{"line":70,"column":14}},{"start":{"line":75,"column":4},"end":{"line":76,"column":14}}]},"8":{"line":85,"type":"switch","locations":[{"start":{"line":90,"column":4},"end":{"line":105,"column":14}},{"start":{"line":111,"column":4},"end":{"line":193,"column":14},"skip":true}]},"9":{"line":91,"type":"binary-expr","locations":[{"start":{"line":91,"column":42},"end":{"line":91,"column":73}},{"start":{"line":91,"column":77},"end":{"line":99,"column":9}}]},"10":{"line":102,"type":"binary-expr","locations":[{"start":{"line":102,"column":18},"end":{"line":102,"column":32}},{"start":{"line":103,"column":12},"end":{"line":103,"column":53}},{"start":{"line":104,"column":12},"end":{"line":104,"column":61}}]},"11":{"line":112,"type":"binary-expr","locations":[{"start":{"line":112,"column":45},"end":{"line":112,"column":79},"skip":true},{"start":{"line":112,"column":83},"end":{"line":121,"column":9},"skip":true}]},"12":{"line":123,"type":"binary-expr","locations":[{"start":{"line":123,"column":42},"end":{"line":123,"column":73},"skip":true},{"start":{"line":123,"column":77},"end":{"line":136,"column":9},"skip":true}]},"13":{"line":138,"type":"binary-expr","locations":[{"start":{"line":138,"column":48},"end":{"line":138,"column":85},"skip":true},{"start":{"line":139,"column":12},"end":{"line":145,"column":13},"skip":true}]},"14":{"line":147,"type":"binary-expr","locations":[{"start":{"line":147,"column":42},"end":{"line":147,"column":73},"skip":true},{"start":{"line":147,"column":77},"end":{"line":156,"column":9},"skip":true}]},"15":{"line":158,"type":"binary-expr","locations":[{"start":{"line":158,"column":45},"end":{"line":158,"column":79},"skip":true},{"start":{"line":158,"column":83},"end":{"line":167,"column":9},"skip":true}]},"16":{"line":169,"type":"binary-expr","locations":[{"start":{"line":169,"column":43},"end":{"line":169,"column":75},"skip":true},{"start":{"line":169,"column":79},"end":{"line":178,"column":9},"skip":true}]},"17":{"line":180,"type":"binary-expr","locations":[{"start":{"line":180,"column":41},"end":{"line":180,"column":71},"skip":true},{"start":{"line":180,"column":75},"end":{"line":189,"column":9},"skip":true}]}},"code":["/* istanbul instrument in package npmtest_ipp */","/*jslint","    bitwise: true,","    browser: true,","    maxerr: 8,","    maxlen: 96,","    node: true,","    nomen: true,","    regexp: true,","    stupid: true","*/","(function () {","    'use strict';","    var local;","","","","    // run shared js-env code - pre-init","    (function () {","        // init local","        local = {};","        // init modeJs","        local.modeJs = (function () {","            try {","                return typeof navigator.userAgent === 'string' &&","                    typeof document.querySelector('body') === 'object' &&","                    typeof XMLHttpRequest.prototype.open === 'function' &&","                    'browser';","            } catch (errorCaughtBrowser) {","                return module.exports &&","                    typeof process.versions.node === 'string' &&","                    typeof require('http').createServer === 'function' &&","                    'node';","            }","        }());","        // init global","        local.global = local.modeJs === 'browser'","            ? window","            : global;","        switch (local.modeJs) {","        // re-init local from window.local","        case 'browser':","            local = local.global.utility2.objectSetDefault(","                local.global.utility2_rollup || local.global.local,","                local.global.utility2","            );","            break;","        // re-init local from example.js","        case 'node':","            local = (local.global.utility2_rollup || require('utility2'))","                .requireExampleJsFromReadme();","            break;","        }","        // export local","        local.global.local = local;","    }());","","","","    // run shared js-env code - function","    (function () {","        return;","    }());","    switch (local.modeJs) {","","","","    // run browser js-env code - function","    case 'browser':","        break;","","","","    // run node js-env code - function","    case 'node':","        break;","    }","","","","    // run shared js-env code - post-init","    (function () {","        return;","    }());","    switch (local.modeJs) {","","","","    // run browser js-env code - post-init","    case 'browser':","        local.testCase_browser_nullCase = local.testCase_browser_nullCase || function (","            options,","            onError","        ) {","        /*","         * this function will test browsers's null-case handling-behavior-behavior","         */","            onError(null, options);","        };","","        // run tests","        local.nop(local.modeTest &&","            document.querySelector('#testRunButton1') &&","            document.querySelector('#testRunButton1').click());","        break;","","","","    // run node js-env code - post-init","    /* istanbul ignore next */","    case 'node':","        local.testCase_buildApidoc_default = local.testCase_buildApidoc_default || function (","            options,","            onError","        ) {","        /*","         * this function will test buildApidoc's default handling-behavior-behavior","         */","            options = { modulePathList: module.paths };","            local.buildApidoc(options, onError);","        };","","        local.testCase_buildApp_default = local.testCase_buildApp_default || function (","            options,","            onError","        ) {","        /*","         * this function will test buildApp's default handling-behavior-behavior","         */","            local.testCase_buildReadme_default(options, local.onErrorThrow);","            local.testCase_buildLib_default(options, local.onErrorThrow);","            local.testCase_buildTest_default(options, local.onErrorThrow);","            local.testCase_buildCustomOrg_default(options, local.onErrorThrow);","            options = [];","            local.buildApp(options, onError);","        };","","        local.testCase_buildCustomOrg_default = local.testCase_buildCustomOrg_default ||","            function (options, onError) {","            /*","             * this function will test buildCustomOrg's default handling-behavior","             */","                options = {};","                local.buildCustomOrg(options, onError);","            };","","        local.testCase_buildLib_default = local.testCase_buildLib_default || function (","            options,","            onError","        ) {","        /*","         * this function will test buildLib's default handling-behavior","         */","            options = {};","            local.buildLib(options, onError);","        };","","        local.testCase_buildReadme_default = local.testCase_buildReadme_default || function (","            options,","            onError","        ) {","        /*","         * this function will test buildReadme's default handling-behavior-behavior","         */","            options = {};","            local.buildReadme(options, onError);","        };","","        local.testCase_buildTest_default = local.testCase_buildTest_default || function (","            options,","            onError","        ) {","        /*","         * this function will test buildTest's default handling-behavior","         */","            options = {};","            local.buildTest(options, onError);","        };","","        local.testCase_webpage_default = local.testCase_webpage_default || function (","            options,","            onError","        ) {","        /*","         * this function will test webpage's default handling-behavior","         */","            options = { modeCoverageMerge: true, url: local.serverLocalHost + '?modeTest=1' };","            local.browserTest(options, onError);","        };","","        // run test-server","        local.testRunServer(local);","        break;","    }","}());",""],"l":{"12":2,"14":2,"19":2,"21":2,"23":2,"24":2,"25":2,"30":1,"37":2,"40":2,"43":1,"47":1,"50":1,"52":1,"55":2,"61":2,"62":2,"64":2,"70":1,"76":1,"82":2,"83":2,"85":2,"91":1,"98":1,"102":1,"105":1,"112":1,"119":1,"120":1,"123":1,"130":1,"131":1,"132":1,"133":1,"134":1,"135":1,"138":1,"143":2,"144":2,"147":1,"154":2,"155":2,"158":1,"165":2,"166":2,"169":1,"176":2,"177":2,"180":1,"187":1,"188":1,"192":1,"193":1}},"/home/travis/build/npmtest/node-npmtest-ipp/lib.npmtest_ipp.js":{"path":"/home/travis/build/npmtest/node-npmtest-ipp/lib.npmtest_ipp.js","s":{"1":2,"2":2,"3":2,"4":2,"5":2,"6":2,"7":2,"8":1,"9":2,"10":2,"11":2,"12":2,"13":1,"14":1,"15":1,"16":1},"b":{"1":[2,1,1,1],"2":[1,1,1,1],"3":[1,1],"4":[2,2],"5":[1,1]},"f":{"1":2,"2":2,"3":2},"fnMap":{"1":{"name":"(anonymous_1)","line":12,"loc":{"start":{"line":12,"column":1},"end":{"line":12,"column":13}}},"2":{"name":"(anonymous_2)","line":19,"loc":{"start":{"line":19,"column":5},"end":{"line":19,"column":17}}},"3":{"name":"(anonymous_3)","line":23,"loc":{"start":{"line":23,"column":24},"end":{"line":23,"column":36}}}},"statementMap":{"1":{"start":{"line":12,"column":0},"end":{"line":53,"column":5}},"2":{"start":{"line":14,"column":4},"end":{"line":14,"column":14}},"3":{"start":{"line":19,"column":4},"end":{"line":52,"column":9}},"4":{"start":{"line":21,"column":8},"end":{"line":21,"column":19}},"5":{"start":{"line":23,"column":8},"end":{"line":35,"column":13}},"6":{"start":{"line":24,"column":12},"end":{"line":34,"column":13}},"7":{"start":{"line":25,"column":16},"end":{"line":28,"column":30}},"8":{"start":{"line":30,"column":16},"end":{"line":33,"column":27}},"9":{"start":{"line":37,"column":8},"end":{"line":39,"column":21}},"10":{"start":{"line":41,"column":8},"end":{"line":41,"column":54}},"11":{"start":{"line":43,"column":8},"end":{"line":43,"column":48}},"12":{"start":{"line":45,"column":8},"end":{"line":51,"column":9}},"13":{"start":{"line":46,"column":12},"end":{"line":46,"column":54}},"14":{"start":{"line":48,"column":12},"end":{"line":48,"column":35}},"15":{"start":{"line":49,"column":12},"end":{"line":49,"column":49}},"16":{"start":{"line":50,"column":12},"end":{"line":50,"column":43}}},"branchMap":{"1":{"line":25,"type":"binary-expr","locations":[{"start":{"line":25,"column":23},"end":{"line":25,"column":62}},{"start":{"line":26,"column":20},"end":{"line":26,"column":70}},{"start":{"line":27,"column":20},"end":{"line":27,"column":71}},{"start":{"line":28,"column":20},"end":{"line":28,"column":29}}]},"2":{"line":30,"type":"binary-expr","locations":[{"start":{"line":30,"column":23},"end":{"line":30,"column":37}},{"start":{"line":31,"column":20},"end":{"line":31,"column":61}},{"start":{"line":32,"column":20},"end":{"line":32,"column":70}},{"start":{"line":33,"column":20},"end":{"line":33,"column":26}}]},"3":{"line":37,"type":"cond-expr","locations":[{"start":{"line":38,"column":14},"end":{"line":38,"column":20}},{"start":{"line":39,"column":14},"end":{"line":39,"column":20}}]},"4":{"line":41,"type":"binary-expr","locations":[{"start":{"line":41,"column":16},"end":{"line":41,"column":44}},{"start":{"line":41,"column":48},"end":{"line":41,"column":53}}]},"5":{"line":45,"type":"if","locations":[{"start":{"line":45,"column":8},"end":{"line":45,"column":8}},{"start":{"line":45,"column":8},"end":{"line":45,"column":8}}]}},"code":["/* istanbul instrument in package npmtest_ipp */","/*jslint","    bitwise: true,","    browser: true,","    maxerr: 8,","    maxlen: 96,","    node: true,","    nomen: true,","    regexp: true,","    stupid: true","*/","(function () {","    'use strict';","    var local;","","","","    // run shared js-env code - pre-init","    (function () {","        // init local","        local = {};","        // init modeJs","        local.modeJs = (function () {","            try {","                return typeof navigator.userAgent === 'string' &&","                    typeof document.querySelector('body') === 'object' &&","                    typeof XMLHttpRequest.prototype.open === 'function' &&","                    'browser';","            } catch (errorCaughtBrowser) {","                return module.exports &&","                    typeof process.versions.node === 'string' &&","                    typeof require('http').createServer === 'function' &&","                    'node';","            }","        }());","        // init global","        local.global = local.modeJs === 'browser'","            ? window","            : global;","        // init utility2_rollup","        local = local.global.utility2_rollup || local;","        // init lib","        local.local = local.npmtest_ipp = local;","        // init exports","        if (local.modeJs === 'browser') {","            local.global.utility2_npmtest_ipp = local;","        } else {","            module.exports = local;","            module.exports.__dirname = __dirname;","            module.exports.module = module;","        }","    }());","}());",""],"l":{"12":2,"14":2,"19":2,"21":2,"23":2,"24":2,"25":2,"30":1,"37":2,"41":2,"43":2,"45":2,"46":1,"48":1,"49":1,"50":1}},"/home/travis/build/npmtest/node-npmtest-ipp/example.js":{"path":"/home/travis/build/npmtest/node-npmtest-ipp/example.js","s":{"1":2,"2":2,"3":2,"4":2,"5":2,"6":2,"7":2,"8":1,"9":2,"10":2,"11":2,"12":2,"13":1,"14":2,"15":2,"16":2,"17":2,"18":2,"19":0,"20":2,"21":1,"22":1,"23":1,"24":1,"25":1,"26":0,"27":0,"28":1,"29":1,"30":2,"31":0,"32":0,"33":0,"34":1,"35":2,"36":2,"37":3,"38":3,"39":3,"40":3,"41":0,"42":3,"43":3,"44":3,"45":1,"46":3,"47":1,"48":1,"49":1,"50":1,"51":1,"52":1,"53":1,"54":1,"55":1,"56":1,"57":0,"58":1,"59":6,"60":6,"61":1,"62":2,"63":0,"64":2,"65":1,"66":1,"67":0,"68":0,"69":0,"70":0,"71":0,"72":0,"73":0,"74":0,"75":0,"76":0,"77":0,"78":0,"79":0,"80":0,"81":0,"82":0,"83":0},"b":{"1":[2,1,1,1],"2":[1,1,1,1],"3":[1,1],"4":[2,2],"5":[1,1],"6":[1,1],"7":[2,0],"8":[2,1,1,1,1,1],"9":[0,2,0],"10":[1,1],"11":[2,1,1],"12":[1,0],"13":[0,2],"14":[2,0,0,0,0,0,0],"15":[0,3],"16":[3,0],"17":[1,1],"18":[0,1],"19":[1,2,0,2],"20":[1,0],"21":[1,1],"22":[0,0],"23":[0,0],"24":[0,0],"25":[0,0],"26":[0,0],"27":[0,0],"28":[0,0]},"f":{"1":2,"2":2,"3":2,"4":2,"5":2,"6":2,"7":3,"8":3,"9":3,"10":1,"11":6,"12":0},"fnMap":{"1":{"name":"(anonymous_1)","line":26,"loc":{"start":{"line":26,"column":1},"end":{"line":26,"column":13}}},"2":{"name":"(anonymous_2)","line":33,"loc":{"start":{"line":33,"column":5},"end":{"line":33,"column":17}}},"3":{"name":"(anonymous_3)","line":37,"loc":{"start":{"line":37,"column":24},"end":{"line":37,"column":36}}},"4":{"name":"(anonymous_4)","line":69,"loc":{"start":{"line":69,"column":31},"end":{"line":69,"column":48}},"skip":true},"5":{"name":"(anonymous_5)","line":78,"loc":{"start":{"line":78,"column":26},"end":{"line":78,"column":45}},"skip":true},"6":{"name":"(anonymous_6)","line":123,"loc":{"start":{"line":123,"column":33},"end":{"line":123,"column":48}},"skip":true},"7":{"name":"(anonymous_7)","line":125,"loc":{"start":{"line":125,"column":27},"end":{"line":125,"column":39}},"skip":true},"8":{"name":"(anonymous_8)","line":133,"loc":{"start":{"line":133,"column":59},"end":{"line":133,"column":74}},"skip":true},"9":{"name":"(anonymous_9)","line":143,"loc":{"start":{"line":143,"column":45},"end":{"line":143,"column":62}},"skip":true},"10":{"name":"(anonymous_10)","line":144,"loc":{"start":{"line":144,"column":73},"end":{"line":144,"column":92}},"skip":true},"11":{"name":"(anonymous_11)","line":272,"loc":{"start":{"line":272,"column":51},"end":{"line":272,"column":77}},"skip":true},"12":{"name":"(anonymous_12)","line":315,"loc":{"start":{"line":315,"column":32},"end":{"line":315,"column":61}},"skip":true}},"statementMap":{"1":{"start":{"line":26,"column":0},"end":{"line":326,"column":5}},"2":{"start":{"line":28,"column":4},"end":{"line":28,"column":14}},"3":{"start":{"line":33,"column":4},"end":{"line":60,"column":9}},"4":{"start":{"line":35,"column":8},"end":{"line":35,"column":19}},"5":{"start":{"line":37,"column":8},"end":{"line":49,"column":13}},"6":{"start":{"line":38,"column":12},"end":{"line":48,"column":13}},"7":{"start":{"line":39,"column":16},"end":{"line":42,"column":30}},"8":{"start":{"line":44,"column":16},"end":{"line":47,"column":27}},"9":{"start":{"line":51,"column":8},"end":{"line":53,"column":21}},"10":{"start":{"line":55,"column":8},"end":{"line":57,"column":45}},"11":{"start":{"line":59,"column":8},"end":{"line":59,"column":35}},"12":{"start":{"line":61,"column":4},"end":{"line":325,"column":5}},"13":{"start":{"line":69,"column":8},"end":{"line":121,"column":10},"skip":true},"14":{"start":{"line":70,"column":12},"end":{"line":88,"column":13},"skip":true},"15":{"start":{"line":76,"column":16},"end":{"line":87,"column":19},"skip":true},"16":{"start":{"line":79,"column":20},"end":{"line":86,"column":21},"skip":true},"17":{"start":{"line":82,"column":24},"end":{"line":82,"column":43},"skip":true},"18":{"start":{"line":83,"column":24},"end":{"line":83,"column":30},"skip":true},"19":{"start":{"line":85,"column":24},"end":{"line":85,"column":49},"skip":true},"20":{"start":{"line":89,"column":12},"end":{"line":107,"column":13},"skip":true},"21":{"start":{"line":92,"column":16},"end":{"line":102,"column":17},"skip":true},"22":{"start":{"line":93,"column":20},"end":{"line":93,"column":86},"skip":true},"23":{"start":{"line":94,"column":20},"end":{"line":95,"column":45},"skip":true},"24":{"start":{"line":96,"column":20},"end":{"line":96,"column":42},"skip":true},"25":{"start":{"line":97,"column":20},"end":{"line":97,"column":48},"skip":true},"26":{"start":{"line":100,"column":20},"end":{"line":100,"column":85},"skip":true},"27":{"start":{"line":101,"column":20},"end":{"line":101,"column":96},"skip":true},"28":{"start":{"line":103,"column":16},"end":{"line":103,"column":22},"skip":true},"29":{"start":{"line":106,"column":16},"end":{"line":106,"column":22},"skip":true},"30":{"start":{"line":108,"column":12},"end":{"line":120,"column":13},"skip":true},"31":{"start":{"line":114,"column":16},"end":{"line":119,"column":17},"skip":true},"32":{"start":{"line":116,"column":20},"end":{"line":116,"column":78},"skip":true},"33":{"start":{"line":118,"column":20},"end":{"line":118,"column":47},"skip":true},"34":{"start":{"line":123,"column":8},"end":{"line":141,"column":11},"skip":true},"35":{"start":{"line":124,"column":12},"end":{"line":124,"column":54},"skip":true},"36":{"start":{"line":125,"column":12},"end":{"line":140,"column":14},"skip":true},"37":{"start":{"line":126,"column":16},"end":{"line":126,"column":28},"skip":true},"38":{"start":{"line":127,"column":16},"end":{"line":127,"column":69},"skip":true},"39":{"start":{"line":128,"column":16},"end":{"line":128,"column":75},"skip":true},"40":{"start":{"line":129,"column":16},"end":{"line":131,"column":17},"skip":true},"41":{"start":{"line":130,"column":20},"end":{"line":130,"column":27},"skip":true},"42":{"start":{"line":133,"column":16},"end":{"line":137,"column":36},"skip":true},"43":{"start":{"line":134,"column":20},"end":{"line":136,"column":55},"skip":true},"44":{"start":{"line":139,"column":16},"end":{"line":139,"column":57},"skip":true},"45":{"start":{"line":143,"column":8},"end":{"line":147,"column":11},"skip":true},"46":{"start":{"line":144,"column":12},"end":{"line":146,"column":15},"skip":true},"47":{"start":{"line":145,"column":16},"end":{"line":145,"column":70},"skip":true},"48":{"start":{"line":149,"column":8},"end":{"line":149,"column":31},"skip":true},"49":{"start":{"line":150,"column":8},"end":{"line":150,"column":14},"skip":true},"50":{"start":{"line":158,"column":8},"end":{"line":158,"column":31},"skip":true},"51":{"start":{"line":160,"column":8},"end":{"line":160,"column":33},"skip":true},"52":{"start":{"line":161,"column":8},"end":{"line":161,"column":37},"skip":true},"53":{"start":{"line":162,"column":8},"end":{"line":162,"column":35},"skip":true},"54":{"start":{"line":164,"column":8},"end":{"line":164,"column":50},"skip":true},"55":{"start":{"line":166,"column":8},"end":{"line":256,"column":2},"skip":true},"56":{"start":{"line":258,"column":8},"end":{"line":286,"column":9},"skip":true},"57":{"start":{"line":259,"column":12},"end":{"line":269,"column":14},"skip":true},"58":{"start":{"line":271,"column":12},"end":{"line":285,"column":19},"skip":true},"59":{"start":{"line":274,"column":20},"end":{"line":274,"column":35},"skip":true},"60":{"start":{"line":275,"column":20},"end":{"line":284,"column":21},"skip":true},"61":{"start":{"line":277,"column":24},"end":{"line":277,"column":64},"skip":true},"62":{"start":{"line":279,"column":24},"end":{"line":279,"column":40},"skip":true},"63":{"start":{"line":281,"column":24},"end":{"line":281,"column":40},"skip":true},"64":{"start":{"line":283,"column":24},"end":{"line":283,"column":39},"skip":true},"65":{"start":{"line":288,"column":8},"end":{"line":290,"column":9},"skip":true},"66":{"start":{"line":289,"column":12},"end":{"line":289,"column":18},"skip":true},"67":{"start":{"line":291,"column":8},"end":{"line":293,"column":54},"skip":true},"68":{"start":{"line":296,"column":8},"end":{"line":301,"column":37},"skip":true},"69":{"start":{"line":303,"column":8},"end":{"line":303,"column":82},"skip":true},"70":{"start":{"line":306,"column":8},"end":{"line":308,"column":9},"skip":true},"71":{"start":{"line":307,"column":12},"end":{"line":307,"column":82},"skip":true},"72":{"start":{"line":310,"column":8},"end":{"line":312,"column":9},"skip":true},"73":{"start":{"line":311,"column":12},"end":{"line":311,"column":18},"skip":true},"74":{"start":{"line":313,"column":8},"end":{"line":313,"column":54},"skip":true},"75":{"start":{"line":314,"column":8},"end":{"line":314,"column":69},"skip":true},"76":{"start":{"line":315,"column":8},"end":{"line":323,"column":36},"skip":true},"77":{"start":{"line":316,"column":12},"end":{"line":316,"column":61},"skip":true},"78":{"start":{"line":317,"column":12},"end":{"line":320,"column":13},"skip":true},"79":{"start":{"line":318,"column":16},"end":{"line":318,"column":75},"skip":true},"80":{"start":{"line":319,"column":16},"end":{"line":319,"column":23},"skip":true},"81":{"start":{"line":321,"column":12},"end":{"line":321,"column":38},"skip":true},"82":{"start":{"line":322,"column":12},"end":{"line":322,"column":27},"skip":true},"83":{"start":{"line":324,"column":8},"end":{"line":324,"column":14},"skip":true}},"branchMap":{"1":{"line":39,"type":"binary-expr","locations":[{"start":{"line":39,"column":23},"end":{"line":39,"column":62}},{"start":{"line":40,"column":20},"end":{"line":40,"column":70}},{"start":{"line":41,"column":20},"end":{"line":41,"column":71}},{"start":{"line":42,"column":20},"end":{"line":42,"column":29}}]},"2":{"line":44,"type":"binary-expr","locations":[{"start":{"line":44,"column":23},"end":{"line":44,"column":37}},{"start":{"line":45,"column":20},"end":{"line":45,"column":61}},{"start":{"line":46,"column":20},"end":{"line":46,"column":70}},{"start":{"line":47,"column":20},"end":{"line":47,"column":26}}]},"3":{"line":51,"type":"cond-expr","locations":[{"start":{"line":52,"column":14},"end":{"line":52,"column":20}},{"start":{"line":53,"column":14},"end":{"line":53,"column":20}}]},"4":{"line":55,"type":"binary-expr","locations":[{"start":{"line":55,"column":16},"end":{"line":55,"column":44}},{"start":{"line":55,"column":49},"end":{"line":57,"column":43}}]},"5":{"line":55,"type":"cond-expr","locations":[{"start":{"line":56,"column":14},"end":{"line":56,"column":47}},{"start":{"line":57,"column":14},"end":{"line":57,"column":43}}]},"6":{"line":61,"type":"switch","locations":[{"start":{"line":68,"column":4},"end":{"line":150,"column":14},"skip":true},{"start":{"line":156,"column":4},"end":{"line":324,"column":14},"skip":true}]},"7":{"line":70,"type":"if","locations":[{"start":{"line":70,"column":12},"end":{"line":70,"column":12},"skip":true},{"start":{"line":70,"column":12},"end":{"line":70,"column":12},"skip":true}]},"8":{"line":70,"type":"binary-expr","locations":[{"start":{"line":70,"column":16},"end":{"line":70,"column":22},"skip":true},{"start":{"line":70,"column":27},"end":{"line":70,"column":32},"skip":true},{"start":{"line":71,"column":20},"end":{"line":71,"column":39},"skip":true},{"start":{"line":72,"column":20},"end":{"line":72,"column":49},"skip":true},{"start":{"line":73,"column":20},"end":{"line":73,"column":58},"skip":true},{"start":{"line":74,"column":20},"end":{"line":74,"column":69},"skip":true}]},"9":{"line":79,"type":"switch","locations":[{"start":{"line":80,"column":20},"end":{"line":80,"column":33},"skip":true},{"start":{"line":81,"column":20},"end":{"line":83,"column":30},"skip":true},{"start":{"line":84,"column":20},"end":{"line":85,"column":49},"skip":true}]},"10":{"line":89,"type":"switch","locations":[{"start":{"line":90,"column":12},"end":{"line":103,"column":22},"skip":true},{"start":{"line":105,"column":12},"end":{"line":106,"column":22},"skip":true}]},"11":{"line":89,"type":"binary-expr","locations":[{"start":{"line":89,"column":20},"end":{"line":89,"column":25},"skip":true},{"start":{"line":89,"column":29},"end":{"line":89,"column":48},"skip":true},{"start":{"line":89,"column":52},"end":{"line":89,"column":74},"skip":true}]},"12":{"line":92,"type":"if","locations":[{"start":{"line":92,"column":16},"end":{"line":92,"column":16},"skip":true},{"start":{"line":92,"column":16},"end":{"line":92,"column":16},"skip":true}]},"13":{"line":108,"type":"if","locations":[{"start":{"line":108,"column":12},"end":{"line":108,"column":12},"skip":true},{"start":{"line":108,"column":12},"end":{"line":108,"column":12},"skip":true}]},"14":{"line":108,"type":"binary-expr","locations":[{"start":{"line":108,"column":16},"end":{"line":108,"column":61},"skip":true},{"start":{"line":108,"column":66},"end":{"line":108,"column":72},"skip":true},{"start":{"line":108,"column":77},"end":{"line":108,"column":82},"skip":true},{"start":{"line":109,"column":20},"end":{"line":109,"column":39},"skip":true},{"start":{"line":110,"column":20},"end":{"line":110,"column":49},"skip":true},{"start":{"line":111,"column":20},"end":{"line":111,"column":58},"skip":true},{"start":{"line":112,"column":20},"end":{"line":112,"column":68},"skip":true}]},"15":{"line":129,"type":"if","locations":[{"start":{"line":129,"column":16},"end":{"line":129,"column":16},"skip":true},{"start":{"line":129,"column":16},"end":{"line":129,"column":16},"skip":true}]},"16":{"line":134,"type":"cond-expr","locations":[{"start":{"line":135,"column":26},"end":{"line":135,"column":29},"skip":true},{"start":{"line":136,"column":26},"end":{"line":136,"column":54},"skip":true}]},"17":{"line":164,"type":"binary-expr","locations":[{"start":{"line":164,"column":27},"end":{"line":164,"column":43},"skip":true},{"start":{"line":164,"column":47},"end":{"line":164,"column":49},"skip":true}]},"18":{"line":258,"type":"if","locations":[{"start":{"line":258,"column":8},"end":{"line":258,"column":8},"skip":true},{"start":{"line":258,"column":8},"end":{"line":258,"column":8},"skip":true}]},"19":{"line":275,"type":"switch","locations":[{"start":{"line":276,"column":20},"end":{"line":277,"column":64},"skip":true},{"start":{"line":278,"column":20},"end":{"line":279,"column":40},"skip":true},{"start":{"line":280,"column":20},"end":{"line":281,"column":40},"skip":true},{"start":{"line":282,"column":20},"end":{"line":283,"column":39},"skip":true}]},"20":{"line":288,"type":"if","locations":[{"start":{"line":288,"column":8},"end":{"line":288,"column":8},"skip":true},{"start":{"line":288,"column":8},"end":{"line":288,"column":8},"skip":true}]},"21":{"line":288,"type":"binary-expr","locations":[{"start":{"line":288,"column":12},"end":{"line":288,"column":40},"skip":true},{"start":{"line":288,"column":44},"end":{"line":288,"column":67},"skip":true}]},"22":{"line":292,"type":"binary-expr","locations":[{"start":{"line":292,"column":12},"end":{"line":292,"column":50},"skip":true},{"start":{"line":293,"column":12},"end":{"line":293,"column":53},"skip":true}]},"23":{"line":297,"type":"binary-expr","locations":[{"start":{"line":297,"column":12},"end":{"line":297,"column":61},"skip":true},{"start":{"line":298,"column":12},"end":{"line":301,"column":36},"skip":true}]},"24":{"line":303,"type":"binary-expr","locations":[{"start":{"line":303,"column":43},"end":{"line":303,"column":75},"skip":true},{"start":{"line":303,"column":79},"end":{"line":303,"column":81},"skip":true}]},"25":{"line":306,"type":"if","locations":[{"start":{"line":306,"column":8},"end":{"line":306,"column":8},"skip":true},{"start":{"line":306,"column":8},"end":{"line":306,"column":8},"skip":true}]},"26":{"line":310,"type":"if","locations":[{"start":{"line":310,"column":8},"end":{"line":310,"column":8},"skip":true},{"start":{"line":310,"column":8},"end":{"line":310,"column":8},"skip":true}]},"27":{"line":313,"type":"binary-expr","locations":[{"start":{"line":313,"column":27},"end":{"line":313,"column":43},"skip":true},{"start":{"line":313,"column":47},"end":{"line":313,"column":53},"skip":true}]},"28":{"line":317,"type":"if","locations":[{"start":{"line":317,"column":12},"end":{"line":317,"column":12},"skip":true},{"start":{"line":317,"column":12},"end":{"line":317,"column":12},"skip":true}]}},"code":["/*","example.js","","quickstart example","","instruction","    1. save this script as example.js","    2. run the shell command:","        $ npm install npmtest-ipp && PORT=8081 node example.js","    3. play with the browser-demo on http://127.0.0.1:8081","*/","","","","/* istanbul instrument in package npmtest_ipp */","/*jslint","    bitwise: true,","    browser: true,","    maxerr: 8,","    maxlen: 96,","    node: true,","    nomen: true,","    regexp: true,","    stupid: true","*/","(function () {","    'use strict';","    var local;","","","","    // run shared js-env code - pre-init","    (function () {","        // init local","        local = {};","        // init modeJs","        local.modeJs = (function () {","            try {","                return typeof navigator.userAgent === 'string' &&","                    typeof document.querySelector('body') === 'object' &&","                    typeof XMLHttpRequest.prototype.open === 'function' &&","                    'browser';","            } catch (errorCaughtBrowser) {","                return module.exports &&","                    typeof process.versions.node === 'string' &&","                    typeof require('http').createServer === 'function' &&","                    'node';","            }","        }());","        // init global","        local.global = local.modeJs === 'browser'","            ? window","            : global;","        // init utility2_rollup","        local = local.global.utility2_rollup || (local.modeJs === 'browser'","            ? local.global.utility2_npmtest_ipp","            : global.utility2_moduleExports);","        // export local","        local.global.local = local;","    }());","    switch (local.modeJs) {","","","","    // post-init","    // run browser js-env code - post-init","    /* istanbul ignore next */","    case 'browser':","        local.testRunBrowser = function (event) {","            if (!event || (event &&","                    event.currentTarget &&","                    event.currentTarget.className &&","                    event.currentTarget.className.includes &&","                    event.currentTarget.className.includes('onreset'))) {","                // reset output","                Array.from(","                    document.querySelectorAll('body > .resettable')","                ).forEach(function (element) {","                    switch (element.tagName) {","                    case 'INPUT':","                    case 'TEXTAREA':","                        element.value = '';","                        break;","                    default:","                        element.textContent = '';","                    }","                });","            }","            switch (event && event.currentTarget && event.currentTarget.id) {","            case 'testRunButton1':","                // show tests","                if (document.querySelector('#testReportDiv1').style.display === 'none') {","                    document.querySelector('#testReportDiv1').style.display = 'block';","                    document.querySelector('#testRunButton1').textContent =","                        'hide internal test';","                    local.modeTest = true;","                    local.testRunDefault(local);","                // hide tests","                } else {","                    document.querySelector('#testReportDiv1').style.display = 'none';","                    document.querySelector('#testRunButton1').textContent = 'run internal test';","                }","                break;","            // custom-case","            default:","                break;","            }","            if (document.querySelector('#inputTextareaEval1') && (!event || (event &&","                    event.currentTarget &&","                    event.currentTarget.className &&","                    event.currentTarget.className.includes &&","                    event.currentTarget.className.includes('oneval')))) {","                // try to eval input-code","                try {","                    /*jslint evil: true*/","                    eval(document.querySelector('#inputTextareaEval1').value);","                } catch (errorCaught) {","                    console.error(errorCaught);","                }","            }","        };","        // log stderr and stdout to #outputTextareaStdout1","        ['error', 'log'].forEach(function (key) {","            console[key + '_original'] = console[key];","            console[key] = function () {","                var element;","                console[key + '_original'].apply(console, arguments);","                element = document.querySelector('#outputTextareaStdout1');","                if (!element) {","                    return;","                }","                // append text to #outputTextareaStdout1","                element.value += Array.from(arguments).map(function (arg) {","                    return typeof arg === 'string'","                        ? arg","                        : JSON.stringify(arg, null, 4);","                }).join(' ') + '\\n';","                // scroll textarea to bottom","                element.scrollTop = element.scrollHeight;","            };","        });","        // init event-handling","        ['change', 'click', 'keyup'].forEach(function (event) {","            Array.from(document.querySelectorAll('.on' + event)).forEach(function (element) {","                element.addEventListener(event, local.testRunBrowser);","            });","        });","        // run tests","        local.testRunBrowser();","        break;","","","","    // run node js-env code - post-init","    /* istanbul ignore next */","    case 'node':","        // export local","        module.exports = local;","        // require modules","        local.fs = require('fs');","        local.http = require('http');","        local.url = require('url');","        // init assets","        local.assetsDict = local.assetsDict || {};","        /* jslint-ignore-begin */","        local.assetsDict['/assets.index.template.html'] = '\\","<!doctype html>\\n\\","<html lang=\"en\">\\n\\","<head>\\n\\","<meta charset=\"UTF-8\">\\n\\","<meta name=\"viewport\" content=\"width=device-width, initial-scale=1\">\\n\\","<title>{{env.npm_package_name}} (v{{env.npm_package_version}})</title>\\n\\","<style>\\n\\","/*csslint\\n\\","    box-sizing: false,\\n\\","    universal-selector: false\\n\\","*/\\n\\","* {\\n\\","    box-sizing: border-box;\\n\\","}\\n\\","body {\\n\\","    background: #dde;\\n\\","    font-family: Arial, Helvetica, sans-serif;\\n\\","    margin: 2rem;\\n\\","}\\n\\","body > * {\\n\\","    margin-bottom: 1rem;\\n\\","}\\n\\",".utility2FooterDiv {\\n\\","    margin-top: 20px;\\n\\","    text-align: center;\\n\\","}\\n\\","</style>\\n\\","<style>\\n\\","/*csslint\\n\\","*/\\n\\","textarea {\\n\\","    font-family: monospace;\\n\\","    height: 10rem;\\n\\","    width: 100%;\\n\\","}\\n\\","textarea[readonly] {\\n\\","    background: #ddd;\\n\\","}\\n\\","</style>\\n\\","</head>\\n\\","<body>\\n\\","<!-- utility2-comment\\n\\","<div id=\"ajaxProgressDiv1\" style=\"background: #d00; height: 2px; left: 0; margin: 0; padding: 0; position: fixed; top: 0; transition: background 0.5s, width 1.5s; width: 25%;\"></div>\\n\\","utility2-comment -->\\n\\","<h1>\\n\\","<!-- utility2-comment\\n\\","    <a\\n\\","        {{#if env.npm_package_homepage}}\\n\\","        href=\"{{env.npm_package_homepage}}\"\\n\\","        {{/if env.npm_package_homepage}}\\n\\","        target=\"_blank\"\\n\\","    >\\n\\","utility2-comment -->\\n\\","        {{env.npm_package_name}} (v{{env.npm_package_version}})\\n\\","<!-- utility2-comment\\n\\","    </a>\\n\\","utility2-comment -->\\n\\","</h1>\\n\\","<h3>{{env.npm_package_description}}</h3>\\n\\","<!-- utility2-comment\\n\\","<h4><a download href=\"assets.app.js\">download standalone app</a></h4>\\n\\","<button class=\"onclick onreset\" id=\"testRunButton1\">run internal test</button><br>\\n\\","<div id=\"testReportDiv1\" style=\"display: none;\"></div>\\n\\","utility2-comment -->\\n\\","\\n\\","\\n\\","\\n\\","<label>stderr and stdout</label>\\n\\","<textarea class=\"resettable\" id=\"outputTextareaStdout1\" readonly></textarea>\\n\\","<!-- utility2-comment\\n\\","{{#if isRollup}}\\n\\","<script src=\"assets.app.js\"></script>\\n\\","{{#unless isRollup}}\\n\\","utility2-comment -->\\n\\","<script src=\"assets.utility2.rollup.js\"></script>\\n\\","<script src=\"jsonp.utility2._stateInit?callback=window.utility2._stateInit\"></script>\\n\\","<script src=\"assets.npmtest_ipp.rollup.js\"></script>\\n\\","<script src=\"assets.example.js\"></script>\\n\\","<script src=\"assets.test.js\"></script>\\n\\","<!-- utility2-comment\\n\\","{{/if isRollup}}\\n\\","utility2-comment -->\\n\\","<div class=\"utility2FooterDiv\">\\n\\","    [ this app was created with\\n\\","    <a href=\"https://github.com/kaizhu256/node-utility2\" target=\"_blank\">utility2</a>\\n\\","    ]\\n\\","</div>\\n\\","</body>\\n\\","</html>\\n\\","';","        /* jslint-ignore-end */","        if (local.templateRender) {","            local.assetsDict['/'] = local.templateRender(","                local.assetsDict['/assets.index.template.html'],","                {","                    env: local.objectSetDefault(local.env, {","                        npm_package_description: 'the greatest app in the world!',","                        npm_package_name: 'my-app',","                        npm_package_nameAlias: 'my_app',","                        npm_package_version: '0.0.1'","                    })","                }","            );","        } else {","            local.assetsDict['/'] = local.assetsDict['/assets.index.template.html']","                .replace((/\\{\\{env\\.(\\w+?)\\}\\}/g), function (match0, match1) {","                    // jslint-hack","                    String(match0);","                    switch (match1) {","                    case 'npm_package_description':","                        return 'the greatest app in the world!';","                    case 'npm_package_name':","                        return 'my-app';","                    case 'npm_package_nameAlias':","                        return 'my_app';","                    case 'npm_package_version':","                        return '0.0.1';","                    }","                });","        }","        // run the cli","        if (local.global.utility2_rollup || module !== require.main) {","            break;","        }","        local.assetsDict['/assets.example.js'] =","            local.assetsDict['/assets.example.js'] ||","            local.fs.readFileSync(__filename, 'utf8');","        // bug-workaround - long $npm_package_buildCustomOrg","        /* jslint-ignore-begin */","        local.assetsDict['/assets.npmtest_ipp.rollup.js'] =","            local.assetsDict['/assets.npmtest_ipp.rollup.js'] ||","            local.fs.readFileSync(","                local.npmtest_ipp.__dirname + '/lib.npmtest_ipp.js',","                'utf8'","            ).replace((/^#!/), '//');","        /* jslint-ignore-end */","        local.assetsDict['/favicon.ico'] = local.assetsDict['/favicon.ico'] || '';","        // if $npm_config_timeout_exit exists,","        // then exit this process after $npm_config_timeout_exit ms","        if (Number(process.env.npm_config_timeout_exit)) {","            setTimeout(process.exit, Number(process.env.npm_config_timeout_exit));","        }","        // start server","        if (local.global.utility2_serverHttp1) {","            break;","        }","        process.env.PORT = process.env.PORT || '8081';","        console.error('server starting on port ' + process.env.PORT);","        local.http.createServer(function (request, response) {","            request.urlParsed = local.url.parse(request.url);","            if (local.assetsDict[request.urlParsed.pathname] !== undefined) {","                response.end(local.assetsDict[request.urlParsed.pathname]);","                return;","            }","            response.statusCode = 404;","            response.end();","        }).listen(process.env.PORT);","        break;","    }","}());",""],"l":{"26":2,"28":2,"33":2,"35":2,"37":2,"38":2,"39":2,"44":1,"51":2,"55":2,"59":2,"61":2,"69":1,"70":2,"76":2,"79":2,"82":2,"83":2,"85":1,"89":2,"92":1,"93":1,"94":1,"96":1,"97":1,"100":1,"101":1,"103":1,"106":1,"108":2,"114":1,"116":1,"118":1,"123":1,"124":2,"125":2,"126":3,"127":3,"128":3,"129":3,"130":1,"133":3,"134":3,"139":3,"143":1,"144":3,"145":1,"149":1,"150":1,"158":1,"160":1,"161":1,"162":1,"164":1,"166":1,"258":1,"259":1,"271":1,"274":6,"275":6,"277":1,"279":2,"281":1,"283":2,"288":1,"289":1,"291":1,"296":1,"303":1,"306":1,"307":1,"310":1,"311":1,"313":1,"314":1,"315":1,"316":1,"317":1,"318":1,"319":1,"321":1,"322":1,"324":1}},"/home/travis/build/npmtest/node-npmtest-ipp/node_modules/ipp/ipp.js":{"path":"/home/travis/build/npmtest/node-npmtest-ipp/node_modules/ipp/ipp.js","s":{"1":1,"2":1,"3":1,"4":1},"b":{},"f":{},"fnMap":{},"statementMap":{"1":{"start":{"line":2,"column":0},"end":{"line":2,"column":36}},"2":{"start":{"line":4,"column":0},"end":{"line":15,"column":2}},"3":{"start":{"line":16,"column":0},"end":{"line":16,"column":73}},"4":{"start":{"line":17,"column":0},"end":{"line":24,"column":1}}},"branchMap":{},"code":["","var util = require('./lib/ipputil');","","module.exports = {","\tparse: require('./lib/parser'),","\tserialize: require('./lib/serializer'),","\trequest: require('./lib/request'),","\tPrinter: require('./lib/printer'),","\tversions: require('./lib/versions'),","\tattributes: require('./lib/attributes'),","\tkeywords: require('./lib/keywords'),","\tenums: require('./lib/enums'),","\ttags: require('./lib/tags'),","\tstatusCodes: require('./lib/status-codes')","};","module.exports.operations = module.exports.enums['operations-supported'];","module.exports.attribute = {","\t//http://www.iana.org/assignments/ipp-registrations/ipp-registrations.xml#ipp-registrations-7","\tgroups: util.xref(module.exports.tags.lookup.slice(0x00, 0x0F)),","\t//http://www.iana.org/assignments/ipp-registrations/ipp-registrations.xml#ipp-registrations-8","\tvalues: util.xref(module.exports.tags.lookup.slice(0x10, 0x1F)),","\t//http://www.iana.org/assignments/ipp-registrations/ipp-registrations.xml#ipp-registrations-9","\tsyntaxes: util.xref(module.exports.tags.lookup.slice(0x20))","}",""],"l":{"2":1,"4":1,"16":1,"17":1}},"/home/travis/build/npmtest/node-npmtest-ipp/node_modules/ipp/lib/ipputil.js":{"path":"/home/travis/build/npmtest/node-npmtest-ipp/node_modules/ipp/lib/ipputil.js","s":{"1":1,"2":14,"3":14,"4":245,"5":14,"6":14,"7":1,"8":1,"9":0,"10":0,"11":0,"12":0,"13":0,"14":0},"b":{"1":[0,0],"2":[0,0],"3":[0,0]},"f":{"1":14,"2":245,"3":0},"fnMap":{"1":{"name":"xref","line":6,"loc":{"start":{"line":6,"column":0},"end":{"line":6,"column":18}}},"2":{"name":"(anonymous_2)","line":8,"loc":{"start":{"line":8,"column":13},"end":{"line":8,"column":34}}},"3":{"name":"extend","line":17,"loc":{"start":{"line":17,"column":18},"end":{"line":17,"column":55}}}},"statementMap":{"1":{"start":{"line":6,"column":0},"end":{"line":13,"column":1}},"2":{"start":{"line":7,"column":1},"end":{"line":7,"column":14}},"3":{"start":{"line":8,"column":1},"end":{"line":10,"column":4}},"4":{"start":{"line":9,"column":2},"end":{"line":9,"column":20}},"5":{"start":{"line":11,"column":1},"end":{"line":11,"column":18}},"6":{"start":{"line":12,"column":1},"end":{"line":12,"column":12}},"7":{"start":{"line":15,"column":0},"end":{"line":15,"column":20}},"8":{"start":{"line":17,"column":0},"end":{"line":28,"column":2}},"9":{"start":{"line":18,"column":1},"end":{"line":26,"column":2}},"10":{"start":{"line":19,"column":2},"end":{"line":25,"column":3}},"11":{"start":{"line":20,"column":3},"end":{"line":20,"column":55}},"12":{"start":{"line":21,"column":3},"end":{"line":21,"column":51}},"13":{"start":{"line":24,"column":3},"end":{"line":24,"column":44}},"14":{"start":{"line":27,"column":1},"end":{"line":27,"column":20}}},"branchMap":{"1":{"line":19,"type":"if","locations":[{"start":{"line":19,"column":2},"end":{"line":19,"column":2}},{"start":{"line":19,"column":2},"end":{"line":19,"column":2}}]},"2":{"line":19,"type":"binary-expr","locations":[{"start":{"line":19,"column":6},"end":{"line":19,"column":22}},{"start":{"line":19,"column":26},"end":{"line":19,"column":65}}]},"3":{"line":20,"type":"binary-expr","locations":[{"start":{"line":20,"column":27},"end":{"line":20,"column":48}},{"start":{"line":20,"column":52},"end":{"line":20,"column":54}}]}},"code":["","","//  To serialize and deserialize, we need to be able to look","//  things up by key or by value. This little helper just","//  converts the arrays to objects and tacks on a 'lookup' property.","function xref(arr){","\tvar obj = {};","\tarr.forEach(function(item, index){","\t\tobj[item] = index;","\t});","\tobj.lookup = arr;","\treturn obj;","}","","exports.xref = xref;","","exports.extend  = function extend(destination, source) {","\tfor(var property in source) {","\t\tif (source[property] && source[property].constructor === Object) {","\t\t\tdestination[property] = destination[property] || {};","\t\t\textend(destination[property], source[property]);","\t\t}","\t\telse {","\t\t\tdestination[property] = source[property];","\t\t}","\t}","\treturn destination;","};",""],"l":{"6":1,"7":14,"8":14,"9":245,"11":14,"12":14,"15":1,"17":1,"18":0,"19":0,"20":0,"21":0,"24":0,"27":0}},"/home/travis/build/npmtest/node-npmtest-ipp/node_modules/ipp/lib/parser.js":{"path":"/home/travis/build/npmtest/node-npmtest-ipp/node_modules/ipp/lib/parser.js","s":{"1":1,"2":1,"3":0,"4":0,"5":0,"6":1,"7":0,"8":1,"9":0,"10":0,"11":0,"12":1,"13":0,"14":0,"15":0,"16":1,"17":0,"18":0,"19":0,"20":1,"21":0,"22":0,"23":0,"24":1,"25":0,"26":0,"27":0,"28":0,"29":0,"30":0,"31":0,"32":0,"33":0,"34":1,"35":0,"36":0,"37":0,"38":0,"39":0,"40":1,"41":0,"42":0,"43":1,"44":0,"45":0,"46":0,"47":0,"48":0,"49":0,"50":0,"51":0,"52":1,"53":0,"54":0,"55":0,"56":0,"57":0,"58":0,"59":0,"60":0,"61":0,"62":0,"63":0,"64":0,"65":0,"66":0,"67":0,"68":0,"69":0,"70":0,"71":0,"72":1,"73":0,"74":0,"75":0,"76":0,"77":0,"78":0,"79":0,"80":0,"81":0,"82":0,"83":0,"84":0,"85":0,"86":1,"87":0,"88":0,"89":0,"90":0,"91":0,"92":0,"93":0,"94":0,"95":0,"96":0,"97":0,"98":0,"99":0,"100":0,"101":0,"102":0,"103":1,"104":0,"105":0,"106":0},"b":{"1":[0,0],"2":[0,0],"3":[0,0],"4":[0,0],"5":[0,0],"6":[0,0],"7":[0,0,0,0,0],"8":[0,0],"9":[0,0,0,0,0,0,0,0,0,0,0,0,0,0,0,0,0,0,0,0,0],"10":[0,0,0],"11":[0,0],"12":[0,0],"13":[0,0],"14":[0,0],"15":[0,0],"16":[0,0],"17":[0,0],"18":[0,0],"19":[0,0]},"f":{"1":0,"2":0,"3":0,"4":0,"5":0,"6":0,"7":0,"8":0,"9":0,"10":0,"11":0,"12":0,"13":0,"14":0},"fnMap":{"1":{"name":"(anonymous_1)","line":10,"loc":{"start":{"line":10,"column":17},"end":{"line":10,"column":31}}},"2":{"name":"read1","line":14,"loc":{"start":{"line":14,"column":1},"end":{"line":14,"column":17}}},"3":{"name":"read2","line":17,"loc":{"start":{"line":17,"column":1},"end":{"line":17,"column":17}}},"4":{"name":"read4","line":22,"loc":{"start":{"line":22,"column":1},"end":{"line":22,"column":17}}},"5":{"name":"read","line":27,"loc":{"start":{"line":27,"column":1},"end":{"line":27,"column":27}}},"6":{"name":"readGroups","line":31,"loc":{"start":{"line":31,"column":1},"end":{"line":31,"column":22}}},"7":{"name":"readGroup","line":37,"loc":{"start":{"line":37,"column":1},"end":{"line":37,"column":26}}},"8":{"name":"readAttr","line":51,"loc":{"start":{"line":51,"column":1},"end":{"line":51,"column":25}}},"9":{"name":"hasAdditionalValue","line":60,"loc":{"start":{"line":60,"column":1},"end":{"line":60,"column":30}}},"10":{"name":"readValues","line":67,"loc":{"start":{"line":67,"column":1},"end":{"line":67,"column":32}}},"11":{"name":"readValue","line":80,"loc":{"start":{"line":80,"column":1},"end":{"line":80,"column":30}}},"12":{"name":"readCollection","line":136,"loc":{"start":{"line":136,"column":1},"end":{"line":136,"column":26}}},"13":{"name":"readCollectionItemValue","line":159,"loc":{"start":{"line":159,"column":1},"end":{"line":159,"column":39}}},"14":{"name":"log","line":191,"loc":{"start":{"line":191,"column":35},"end":{"line":191,"column":73}}}},"statementMap":{"1":{"start":{"line":3,"column":0},"end":{"line":8,"column":1}},"2":{"start":{"line":10,"column":0},"end":{"line":190,"column":2}},"3":{"start":{"line":11,"column":1},"end":{"line":11,"column":14}},"4":{"start":{"line":12,"column":1},"end":{"line":12,"column":18}},"5":{"start":{"line":13,"column":1},"end":{"line":13,"column":23}},"6":{"start":{"line":14,"column":1},"end":{"line":16,"column":2}},"7":{"start":{"line":15,"column":2},"end":{"line":15,"column":25}},"8":{"start":{"line":17,"column":1},"end":{"line":21,"column":2}},"9":{"start":{"line":18,"column":2},"end":{"line":18,"column":44}},"10":{"start":{"line":19,"column":2},"end":{"line":19,"column":14}},"11":{"start":{"line":20,"column":2},"end":{"line":20,"column":13}},"12":{"start":{"line":22,"column":1},"end":{"line":26,"column":2}},"13":{"start":{"line":23,"column":2},"end":{"line":23,"column":44}},"14":{"start":{"line":24,"column":2},"end":{"line":24,"column":14}},"15":{"start":{"line":25,"column":2},"end":{"line":25,"column":13}},"16":{"start":{"line":27,"column":1},"end":{"line":30,"column":2}},"17":{"start":{"line":28,"column":2},"end":{"line":28,"column":26}},"18":{"start":{"line":28,"column":16},"end":{"line":28,"column":26}},"19":{"start":{"line":29,"column":2},"end":{"line":29,"column":65}},"20":{"start":{"line":31,"column":1},"end":{"line":36,"column":2}},"21":{"start":{"line":32,"column":2},"end":{"line":32,"column":12}},"22":{"start":{"line":33,"column":2},"end":{"line":35,"column":3}},"23":{"start":{"line":34,"column":3},"end":{"line":34,"column":20}},"24":{"start":{"line":37,"column":1},"end":{"line":50,"column":2}},"25":{"start":{"line":38,"column":2},"end":{"line":38,"column":32}},"26":{"start":{"line":39,"column":2},"end":{"line":39,"column":11}},"27":{"start":{"line":40,"column":2},"end":{"line":45,"column":25}},"28":{"start":{"line":41,"column":3},"end":{"line":42,"column":28}},"29":{"start":{"line":42,"column":4},"end":{"line":42,"column":28}},"30":{"start":{"line":43,"column":3},"end":{"line":43,"column":25}},"31":{"start":{"line":45,"column":7},"end":{"line":45,"column":25}},"32":{"start":{"line":47,"column":2},"end":{"line":49,"column":3}},"33":{"start":{"line":48,"column":3},"end":{"line":48,"column":19}},"34":{"start":{"line":51,"column":1},"end":{"line":59,"column":2}},"35":{"start":{"line":52,"column":2},"end":{"line":52,"column":20}},"36":{"start":{"line":54,"column":2},"end":{"line":56,"column":3}},"37":{"start":{"line":55,"column":3},"end":{"line":55,"column":17}},"38":{"start":{"line":57,"column":2},"end":{"line":57,"column":27}},"39":{"start":{"line":58,"column":2},"end":{"line":58,"column":37}},"40":{"start":{"line":60,"column":1},"end":{"line":66,"column":2}},"41":{"start":{"line":61,"column":2},"end":{"line":61,"column":30}},"42":{"start":{"line":62,"column":2},"end":{"line":65,"column":59}},"43":{"start":{"line":67,"column":1},"end":{"line":79,"column":2}},"44":{"start":{"line":68,"column":2},"end":{"line":68,"column":36}},"45":{"start":{"line":69,"column":2},"end":{"line":77,"column":3}},"46":{"start":{"line":70,"column":3},"end":{"line":70,"column":19}},"47":{"start":{"line":71,"column":3},"end":{"line":76,"column":30}},"48":{"start":{"line":72,"column":4},"end":{"line":72,"column":19}},"49":{"start":{"line":73,"column":4},"end":{"line":73,"column":12}},"50":{"start":{"line":74,"column":4},"end":{"line":74,"column":38}},"51":{"start":{"line":78,"column":2},"end":{"line":78,"column":15}},"52":{"start":{"line":80,"column":1},"end":{"line":135,"column":2}},"53":{"start":{"line":81,"column":2},"end":{"line":81,"column":23}},"54":{"start":{"line":83,"column":2},"end":{"line":134,"column":3}},"55":{"start":{"line":85,"column":4},"end":{"line":85,"column":22}},"56":{"start":{"line":86,"column":4},"end":{"line":86,"column":59}},"57":{"start":{"line":88,"column":4},"end":{"line":88,"column":19}},"58":{"start":{"line":91,"column":4},"end":{"line":91,"column":21}},"59":{"start":{"line":94,"column":4},"end":{"line":94,"column":30}},"60":{"start":{"line":97,"column":4},"end":{"line":97,"column":60}},"61":{"start":{"line":101,"column":4},"end":{"line":101,"column":87}},"62":{"start":{"line":103,"column":4},"end":{"line":103,"column":131}},"63":{"start":{"line":107,"column":4},"end":{"line":107,"column":29}},"64":{"start":{"line":108,"column":4},"end":{"line":108,"column":31}},"65":{"start":{"line":109,"column":4},"end":{"line":109,"column":26}},"66":{"start":{"line":115,"column":4},"end":{"line":115,"column":24}},"67":{"start":{"line":123,"column":4},"end":{"line":123,"column":33}},"68":{"start":{"line":127,"column":4},"end":{"line":127,"column":17}},"69":{"start":{"line":128,"column":4},"end":{"line":128,"column":28}},"70":{"start":{"line":132,"column":4},"end":{"line":132,"column":13}},"71":{"start":{"line":133,"column":4},"end":{"line":133,"column":67}},"72":{"start":{"line":136,"column":1},"end":{"line":158,"column":2}},"73":{"start":{"line":137,"column":2},"end":{"line":137,"column":10}},"74":{"start":{"line":138,"column":2},"end":{"line":138,"column":22}},"75":{"start":{"line":140,"column":2},"end":{"line":150,"column":3}},"76":{"start":{"line":141,"column":3},"end":{"line":144,"column":4}},"77":{"start":{"line":142,"column":4},"end":{"line":142,"column":49}},"78":{"start":{"line":143,"column":4},"end":{"line":143,"column":11}},"79":{"start":{"line":146,"column":3},"end":{"line":146,"column":17}},"80":{"start":{"line":147,"column":3},"end":{"line":147,"column":30}},"81":{"start":{"line":148,"column":3},"end":{"line":148,"column":42}},"82":{"start":{"line":149,"column":3},"end":{"line":149,"column":29}},"83":{"start":{"line":154,"column":2},"end":{"line":154,"column":16}},"84":{"start":{"line":155,"column":2},"end":{"line":155,"column":16}},"85":{"start":{"line":157,"column":2},"end":{"line":157,"column":20}},"86":{"start":{"line":159,"column":1},"end":{"line":169,"column":2}},"87":{"start":{"line":160,"column":2},"end":{"line":160,"column":20}},"88":{"start":{"line":162,"column":2},"end":{"line":164,"column":3}},"89":{"start":{"line":163,"column":3},"end":{"line":163,"column":17}},"90":{"start":{"line":166,"column":2},"end":{"line":166,"column":16}},"91":{"start":{"line":168,"column":2},"end":{"line":168,"column":31}},"92":{"start":{"line":171,"column":1},"end":{"line":171,"column":39}},"93":{"start":{"line":172,"column":1},"end":{"line":172,"column":26}},"94":{"start":{"line":178,"column":1},"end":{"line":179,"column":48}},"95":{"start":{"line":179,"column":2},"end":{"line":179,"column":48}},"96":{"start":{"line":181,"column":1},"end":{"line":182,"column":50}},"97":{"start":{"line":182,"column":2},"end":{"line":182,"column":50}},"98":{"start":{"line":183,"column":1},"end":{"line":183,"column":18}},"99":{"start":{"line":184,"column":1},"end":{"line":184,"column":14}},"100":{"start":{"line":186,"column":1},"end":{"line":187,"column":46}},"101":{"start":{"line":187,"column":2},"end":{"line":187,"column":46}},"102":{"start":{"line":189,"column":1},"end":{"line":189,"column":12}},"103":{"start":{"line":191,"column":0},"end":{"line":196,"column":2}},"104":{"start":{"line":192,"column":1},"end":{"line":192,"column":46}},"105":{"start":{"line":193,"column":1},"end":{"line":194,"column":57}},"106":{"start":{"line":195,"column":1},"end":{"line":195,"column":14}}},"branchMap":{"1":{"line":28,"type":"if","locations":[{"start":{"line":28,"column":2},"end":{"line":28,"column":2}},{"start":{"line":28,"column":2},"end":{"line":28,"column":2}}]},"2":{"line":29,"type":"binary-expr","locations":[{"start":{"line":29,"column":22},"end":{"line":29,"column":25}},{"start":{"line":29,"column":27},"end":{"line":29,"column":35}}]},"3":{"line":33,"type":"binary-expr","locations":[{"start":{"line":33,"column":8},"end":{"line":33,"column":29}},{"start":{"line":33,"column":33},"end":{"line":33,"column":59}}]},"4":{"line":40,"type":"if","locations":[{"start":{"line":40,"column":2},"end":{"line":40,"column":2}},{"start":{"line":40,"column":2},"end":{"line":40,"column":2}}]},"5":{"line":41,"type":"if","locations":[{"start":{"line":41,"column":3},"end":{"line":41,"column":3}},{"start":{"line":41,"column":3},"end":{"line":41,"column":3}}]},"6":{"line":54,"type":"if","locations":[{"start":{"line":54,"column":2},"end":{"line":54,"column":2}},{"start":{"line":54,"column":2},"end":{"line":54,"column":2}}]},"7":{"line":62,"type":"binary-expr","locations":[{"start":{"line":62,"column":9},"end":{"line":62,"column":25}},{"start":{"line":63,"column":6},"end":{"line":63,"column":22}},{"start":{"line":64,"column":6},"end":{"line":64,"column":22}},{"start":{"line":65,"column":6},"end":{"line":65,"column":30}},{"start":{"line":65,"column":34},"end":{"line":65,"column":58}}]},"8":{"line":69,"type":"if","locations":[{"start":{"line":69,"column":2},"end":{"line":69,"column":2}},{"start":{"line":69,"column":2},"end":{"line":69,"column":2}}]},"9":{"line":83,"type":"switch","locations":[{"start":{"line":84,"column":3},"end":{"line":86,"column":59}},{"start":{"line":87,"column":3},"end":{"line":88,"column":19}},{"start":{"line":90,"column":3},"end":{"line":91,"column":21}},{"start":{"line":93,"column":3},"end":{"line":94,"column":30}},{"start":{"line":96,"column":3},"end":{"line":97,"column":60}},{"start":{"line":99,"column":3},"end":{"line":103,"column":131}},{"start":{"line":105,"column":3},"end":{"line":105,"column":30}},{"start":{"line":106,"column":3},"end":{"line":109,"column":26}},{"start":{"line":111,"column":3},"end":{"line":111,"column":33}},{"start":{"line":112,"column":3},"end":{"line":112,"column":33}},{"start":{"line":113,"column":3},"end":{"line":113,"column":25}},{"start":{"line":114,"column":3},"end":{"line":115,"column":24}},{"start":{"line":117,"column":3},"end":{"line":117,"column":21}},{"start":{"line":118,"column":3},"end":{"line":118,"column":17}},{"start":{"line":119,"column":3},"end":{"line":119,"column":23}},{"start":{"line":120,"column":3},"end":{"line":120,"column":21}},{"start":{"line":121,"column":3},"end":{"line":121,"column":29}},{"start":{"line":122,"column":3},"end":{"line":123,"column":33}},{"start":{"line":125,"column":3},"end":{"line":128,"column":28}},{"start":{"line":130,"column":3},"end":{"line":130,"column":25}},{"start":{"line":131,"column":3},"end":{"line":133,"column":67}}]},"10":{"line":86,"type":"binary-expr","locations":[{"start":{"line":86,"column":12},"end":{"line":86,"column":23}},{"start":{"line":86,"column":27},"end":{"line":86,"column":50}},{"start":{"line":86,"column":55},"end":{"line":86,"column":58}}]},"11":{"line":97,"type":"cond-expr","locations":[{"start":{"line":97,"column":46},"end":{"line":97,"column":51}},{"start":{"line":97,"column":52},"end":{"line":97,"column":58}}]},"12":{"line":141,"type":"if","locations":[{"start":{"line":141,"column":3},"end":{"line":141,"column":3}},{"start":{"line":141,"column":3},"end":{"line":141,"column":3}}]},"13":{"line":162,"type":"if","locations":[{"start":{"line":162,"column":2},"end":{"line":162,"column":2}},{"start":{"line":162,"column":2},"end":{"line":162,"column":2}}]},"14":{"line":178,"type":"if","locations":[{"start":{"line":178,"column":1},"end":{"line":178,"column":1}},{"start":{"line":178,"column":1},"end":{"line":178,"column":1}}]},"15":{"line":178,"type":"binary-expr","locations":[{"start":{"line":178,"column":4},"end":{"line":178,"column":22}},{"start":{"line":178,"column":26},"end":{"line":178,"column":44}}]},"16":{"line":181,"type":"if","locations":[{"start":{"line":181,"column":1},"end":{"line":181,"column":1}},{"start":{"line":181,"column":1},"end":{"line":181,"column":1}}]},"17":{"line":181,"type":"binary-expr","locations":[{"start":{"line":181,"column":4},"end":{"line":181,"column":24}},{"start":{"line":181,"column":28},"end":{"line":181,"column":48}}]},"18":{"line":186,"type":"if","locations":[{"start":{"line":186,"column":1},"end":{"line":186,"column":1}},{"start":{"line":186,"column":1},"end":{"line":186,"column":1}}]},"19":{"line":192,"type":"cond-expr","locations":[{"start":{"line":192,"column":21},"end":{"line":192,"column":33}},{"start":{"line":192,"column":36},"end":{"line":192,"column":45}}]}},"code":["","","var enums = require('./enums'),","\toperations = enums['operations-supported'],","\tstatusCodes = require('./status-codes'),","\ttags = require('./tags'),","\tRS = '\\u001e'",";","","module.exports = function(buf) {","\tvar obj = {};","\tvar position = 0;","\tvar encoding = 'utf8';","\tfunction read1(){","\t\treturn buf[position++];","\t}","\tfunction read2(){","\t\tvar val = buf.readInt16BE(position, true);","\t\tposition+=2;","\t\treturn val;","\t}","\tfunction read4(){","\t\tvar val = buf.readInt32BE(position, true);","\t\tposition+=4;","\t\treturn val;","\t}","\tfunction read(length, enc){","\t\tif(length==0) return '';","\t\treturn buf.toString(enc||encoding, position, position+=length);","\t}","\tfunction readGroups(){","\t\tvar group;","\t\twhile(position < buf.length && (group = read1()) !== 0x03){//end-of-attributes-tag","\t\t\treadGroup(group);","\t\t}","\t}","\tfunction readGroup(group){","\t\tvar name = tags.lookup[group];","\t\tgroup={};","\t\tif(obj[name]){","\t\t\tif(!Array.isArray(obj[name]))","\t\t\t\tobj[name] = [obj[name]];","\t\t\tobj[name].push(group);","\t\t}","\t\telse obj[name] = group;","","\t\twhile(buf[position] >= 0x0F) {// delimiters are between 0x00 to 0x0F","\t\t\treadAttr(group);","\t\t}","\t}","\tfunction readAttr(group){","\t\tvar tag = read1();","\t\t//TODO: find a test for this","\t\tif (tag === 0x7F){//tags.extension","\t\t\ttag = read4();","\t\t}","\t\tvar name = read(read2());","\t\tgroup[name] = readValues(tag, name)","\t}","\tfunction hasAdditionalValue(){","\t\tvar current = buf[position];","\t\treturn current !== 0x4A //tags.memberAttrName","\t\t\t&& current !== 0x37 //tags.endCollection","\t\t\t&& current !== 0x03 //tags.end-of-attributes-tag","\t\t\t&& buf[position+1] === 0x00 && buf[position+2] === 0x00;","\t}","\tfunction readValues(type, name){","\t\tvar value = readValue(type, name);","\t\tif(hasAdditionalValue()){","\t\t\tvalue = [value];","\t\t\tdo{","\t\t\t\ttype = read1();","\t\t\t\tread2();//empty name","\t\t\t\tvalue.push(readValue(type, name));","\t\t\t}","\t\t\twhile(hasAdditionalValue())","\t\t}","\t\treturn value;","\t}","\tfunction readValue(tag, name){","\t\tvar length = read2();","\t\t//http://tools.ietf.org/html/rfc2910#section-3.9","\t\tswitch (tag) {","\t\t\tcase tags.enum:","\t\t\t\tvar val = read4();","\t\t\t\treturn (enums[name] && enums[name].lookup[val]) || val;","\t\t\tcase tags.integer:","\t\t\t\treturn read4();","","\t\t\tcase tags.boolean:","\t\t\t\treturn !!read1();","","\t\t\tcase tags.rangeOfInteger:","\t\t\t\treturn [read4(), read4()];","","\t\t\tcase tags.resolution:","\t\t\t\treturn [read4(), read4(), read1()===0x03? 'dpi':'dpcm'];","","\t\t\tcase tags.dateTime:","\t\t\t\t// http://tools.ietf.org/html/rfc1903 page 17","\t\t\t\tvar date = new Date(read2(), read1(), read1(), read1(), read1(), read1(), read1());","\t\t\t\t//silly way to add on the timezone","\t\t\t\treturn new Date(date.toISOString().substr(0,23).replace('T',',') +','+ String.fromCharCode(read(1)) + read(1) + ':' + read(1));","","\t\t\tcase tags.textWithLanguage:","\t\t\tcase tags.nameWithLanguage:","\t\t\t\tvar lang = read(read2());","\t\t\t\tvar subval = read(read2());","\t\t\t\treturn lang+RS+subval;","","\t\t\tcase tags.nameWithoutLanguage:","\t\t\tcase tags.textWithoutLanguage:","\t\t\tcase tags.octetString:","\t\t\tcase tags.memberAttrName:","\t\t\t\treturn read(length);","","\t\t\tcase tags.keyword:","\t\t\tcase tags.uri:","\t\t\tcase tags.uriScheme:","\t\t\tcase tags.charset:","\t\t\tcase tags.naturalLanguage:","\t\t\tcase tags.mimeMediaType:","\t\t\t\treturn read(length, 'ascii');","","\t\t\tcase tags.begCollection:","\t\t\t\t//the spec says a value could be present- but can be ignored","\t\t\t\tread(length);","\t\t\t\treturn readCollection();","","\t\t\tcase tags['no-value']:","\t\t\tdefault:","\t\t\t\tdebugger;","\t\t\t\treturn module.exports.handleUnknownTag(tag, name, length, read)","\t\t}","\t}","\tfunction readCollection(){","\t\tvar tag;","\t\tvar collection = {};","","\t\twhile((tag = read1()) !== 0x37){//tags.endCollection","\t\t\tif(tag !== 0x4A){","\t\t\t\tconsole.log(\"unexpected:\", tags.lookup[tag]);","\t\t\t\treturn;","\t\t\t}","\t\t\t//read nametag name and discard it","\t\t\tread(read2());","\t\t\tvar name = readValue(0x4A);","\t\t\tvar values = readCollectionItemValue();","\t\t\tcollection[name] = values;","\t\t}","\t\t//Read endCollection name & value and discard it.","\t\t//The spec says that they MAY have contents in the","\t\t// future- so we can't assume they are empty.","\t\tread(read2());","\t\tread(read2());","","\t\treturn collection;","\t}","\tfunction readCollectionItemValue(name){","\t\tvar tag = read1();","\t\t//TODO: find a test for this","\t\tif (tag === 0x7F){//tags.extension","\t\t\ttag = read4();","\t\t}","\t\t//read valuetag name and discard it","\t\tread(read2());","","\t\treturn readValues(tag, name);","\t}","","\tobj.version = read1() + '.' + read1();","\tvar bytes2and3 = read2();","\t//byte[2] and byte[3] are used to define the 'operation' on","\t//requests, but used to hold the statusCode on responses. We","\t//can almost detect if it is a req or a res- but sadly, six","\t//values overlap. In these cases, the parser will give both and","\t//the consumer can ignore (or delete) whichever they don't want.","\tif(bytes2and3 >= 0x02 || bytes2and3 <= 0x3D)","\t\tobj.operation = operations.lookup[bytes2and3];","","\tif(bytes2and3 <= 0x0007 || bytes2and3 >= 0x0400)","\t\tobj.statusCode = statusCodes.lookup[bytes2and3];","\tobj.id = read4();","\treadGroups();","","\tif(position<buf.length)","\t\tobj.data = buf.toString(encoding, position);","","\treturn obj;","};","module.exports.handleUnknownTag = \tfunction log(tag, name, length, read) {","\tvar value = length? read(length) : undefined;","\tconsole.log(\"The spec is not clear on how to handle tag \" +tag+ \": \" +name+ \"=\" +String(value)+ \". \" +","\t\t\"Please open a github issue to help find a solution!\");","\treturn value;","};",""],"l":{"3":1,"10":1,"11":0,"12":0,"13":0,"14":1,"15":0,"17":1,"18":0,"19":0,"20":0,"22":1,"23":0,"24":0,"25":0,"27":1,"28":0,"29":0,"31":1,"32":0,"33":0,"34":0,"37":1,"38":0,"39":0,"40":0,"41":0,"42":0,"43":0,"45":0,"47":0,"48":0,"51":1,"52":0,"54":0,"55":0,"57":0,"58":0,"60":1,"61":0,"62":0,"67":1,"68":0,"69":0,"70":0,"71":0,"72":0,"73":0,"74":0,"78":0,"80":1,"81":0,"83":0,"85":0,"86":0,"88":0,"91":0,"94":0,"97":0,"101":0,"103":0,"107":0,"108":0,"109":0,"115":0,"123":0,"127":0,"128":0,"132":0,"133":0,"136":1,"137":0,"138":0,"140":0,"141":0,"142":0,"143":0,"146":0,"147":0,"148":0,"149":0,"154":0,"155":0,"157":0,"159":1,"160":0,"162":0,"163":0,"166":0,"168":0,"171":0,"172":0,"178":0,"179":0,"181":0,"182":0,"183":0,"184":0,"186":0,"187":0,"189":0,"191":1,"192":0,"193":0,"195":0}},"/home/travis/build/npmtest/node-npmtest-ipp/node_modules/ipp/lib/enums.js":{"path":"/home/travis/build/npmtest/node-npmtest-ipp/node_modules/ipp/lib/enums.js","s":{"1":1,"2":1,"3":1,"4":1,"5":1,"6":1,"7":1,"8":1,"9":1,"10":1,"11":1},"b":{},"f":{},"fnMap":{},"statementMap":{"1":{"start":{"line":2,"column":0},"end":{"line":2,"column":37}},"2":{"start":{"line":3,"column":0},"end":{"line":153,"column":2}},"3":{"start":{"line":154,"column":0},"end":{"line":154,"column":47}},"4":{"start":{"line":155,"column":0},"end":{"line":155,"column":45}},"5":{"start":{"line":156,"column":0},"end":{"line":156,"column":49}},"6":{"start":{"line":157,"column":0},"end":{"line":157,"column":72}},"7":{"start":{"line":158,"column":0},"end":{"line":158,"column":72}},"8":{"start":{"line":159,"column":0},"end":{"line":159,"column":74}},"9":{"start":{"line":160,"column":0},"end":{"line":160,"column":56}},"10":{"start":{"line":161,"column":0},"end":{"line":161,"column":58}},"11":{"start":{"line":165,"column":0},"end":{"line":165,"column":23}}},"branchMap":{},"code":["","var xref = require('./ipputil').xref;","var enums = {","\t\"document-state\": xref([\t\t\t// ftp://ftp.pwg.org/pub/pwg/candidates/cs-ippdocobject10-20031031-5100.5.pdf","\t\t,,,\t\t\t\t// 0x00-0x02","\t\t\"pending\",\t\t// 0x03","\t\t,\t\t\t\t// 0x04","\t\t\"processing\",\t// 0x05","\t\t,\t\t\t\t// 0x06","\t\t\"canceled\",\t\t// 0x07","\t\t\"aborted\",\t\t// 0x08","\t\t\"completed\"\t\t// 0x09","\t]),","\t\"finishings\": xref([","\t\t,,,// 0x00 - 0x02","\t\t\"none\",\t\t\t\t\t\t// 0x03 http://tools.ietf.org/html/rfc2911#section-4.2.6","\t\t\"staple\",\t\t\t\t\t// 0x04 http://tools.ietf.org/html/rfc2911#section-4.2.6","\t\t\"punch\",\t\t\t\t\t// 0x05 http://tools.ietf.org/html/rfc2911#section-4.2.6","\t\t\"cover\",\t\t\t\t\t// 0x06 http://tools.ietf.org/html/rfc2911#section-4.2.6","\t\t\"bind\",\t\t\t\t\t\t// 0x07 http://tools.ietf.org/html/rfc2911#section-4.2.6","\t\t\"saddle-stitch\",\t\t\t// 0x08 http://tools.ietf.org/html/rfc2911#section-4.2.6","\t\t\"edge-stitch\",\t\t\t\t// 0x09 http://tools.ietf.org/html/rfc2911#section-4.2.6","\t\t\"fold\",\t\t\t\t\t\t// 0x0A http://tools.ietf.org/html/rfc2911#section-4.2.6","\t\t\"trim\",\t\t\t\t\t\t// 0x0B ftp://ftp.pwg.org/pub/pwg/ipp/new_VAL/pwg5100.1.pdf","\t\t\"bale\",\t\t\t\t\t\t// 0x0C ftp://ftp.pwg.org/pub/pwg/ipp/new_VAL/pwg5100.1.pdf","\t\t\"booklet-maker\",\t\t\t// 0x0D ftp://ftp.pwg.org/pub/pwg/ipp/new_VAL/pwg5100.1.pdf","\t\t\"jog-offset\",\t\t\t\t// 0x0E ftp://ftp.pwg.org/pub/pwg/ipp/new_VAL/pwg5100.1.pdf","\t\t,,,,,\t\t\t\t\t\t// 0x0F - 0x13 reserved for future generic finishing enum values.","\t\t\"staple-top-left\",\t\t\t// 0x14 http://tools.ietf.org/html/rfc2911#section-4.2.6","\t\t\"staple-bottom-left\",\t\t// 0x15 http://tools.ietf.org/html/rfc2911#section-4.2.6","\t\t\"staple-top-right\",\t\t\t// 0x16 http://tools.ietf.org/html/rfc2911#section-4.2.6","\t\t\"staple-bottom-right\",\t\t// 0x17 http://tools.ietf.org/html/rfc2911#section-4.2.6","\t\t\"edge-stitch-left\",\t\t\t// 0x18 http://tools.ietf.org/html/rfc2911#section-4.2.6","\t\t\"edge-stitch-top\",\t\t\t// 0x19 http://tools.ietf.org/html/rfc2911#section-4.2.6","\t\t\"edge-stitch-right\",\t\t// 0x1A http://tools.ietf.org/html/rfc2911#section-4.2.6","\t\t\"edge-stitch-bottom\",\t\t// 0x1B http://tools.ietf.org/html/rfc2911#section-4.2.6","\t\t\"staple-dual-left\",\t\t\t// 0x1C http://tools.ietf.org/html/rfc2911#section-4.2.6","\t\t\"staple-dual-top\",\t\t\t// 0x1D http://tools.ietf.org/html/rfc2911#section-4.2.6","\t\t\"staple-dual-right\",\t\t// 0x1E http://tools.ietf.org/html/rfc2911#section-4.2.6","\t\t\"staple-dual-bottom\",\t\t// 0x1F http://tools.ietf.org/html/rfc2911#section-4.2.6","\t\t,,,,,,,,,,,,,,,,,,\t\t\t// 0x20 - 0x31 reserved for future specific stapling 
[...]
"start":{"line":36,"column":4},"end":{"line":36,"column":39}},"23":{"start":{"line":38,"column":4},"end":{"line":38,"column":33}},"24":{"start":{"line":40,"column":4},"end":{"line":40,"column":45}},"25":{"start":{"line":41,"column":4},"end":{"line":41,"column":51}},"26":{"start":{"line":44,"column":1},"end":{"line":46,"column":4}},"27":{"start":{"line":45,"column":2},"end":{"line":45,"column":10}},"28":{"start":{"line":47,"column":1},"end":{"line":51,"column":2}},"29":{"start":{"line":48,"column":2},"end":{"line":50,"column":5}},"30":{"start":{"line":49,"column":3},"end":{"line":49,"column":22}},"31":{"start":{"line":52,"column":1},"end":{"line":52,"column":19}},"32":{"start":{"line":53,"column":1},"end":{"line":53,"column":11}},"33":{"start":{"line":55,"column":0},"end":{"line":66,"column":1}},"34":{"start":{"line":56,"column":1},"end":{"line":56,"column":26}},"35":{"start":{"line":57,"column":1},"end":{"line":60,"column":4}},"36":{"start":{"line":58,"column":2},"end":{"line":58,"column":23}},"37":{"start":{"line":59,"column":2},"end":{"line":59,"column":21}},"38":{"start":{"line":61,"column":1},"end":{"line":65,"column":4}},"39":{"start":{"line":62,"column":2},"end":{"line":62,"column":54}},"40":{"start":{"line":63,"column":2},"end":{"line":63,"column":28}},"41":{"start":{"line":64,"column":2},"end":{"line":64,"column":21}},"42":{"start":{"line":68,"column":0},"end":{"line":73,"column":1}},"43":{"start":{"line":69,"column":2},"end":{"line":69,"column":33}},"44":{"start":{"line":70,"column":2},"end":{"line":70,"column":31}},"45":{"start":{"line":71,"column":2},"end":{"line":71,"column":102}},"46":{"start":{"line":72,"column":2},"end":{"line":72,"column":35}},"47":{"start":{"line":74,"column":0},"end":{"line":74,"column":60}},"48":{"start":{"line":75,"column":0},"end":{"line":75,"column":58}}},"branchMap":{"1":{"line":11,"type":"if","locations":[{"start":{"line":11,"column":1},"end":{"line":11,"column":1}},{"start":{"line":11,"column":1},"end":{"line":11,"column":1}}]},"2":{"line":11,"type":"binary-expr","locations":[{"start":{"line":11,"column":4},"end":{"line":11,"column":28}},{"start":{"line":11,"column":32},"end":{"line":11,"column":48}}]},"3":{"line":14,"type":"if","locations":[{"start":{"line":14,"column":1},"end":{"line":14,"column":1}},{"start":{"line":14,"column":1},"end":{"line":14,"column":1}}]},"4":{"line":16,"type":"if","locations":[{"start":{"line":16,"column":1},"end":{"line":16,"column":1}},{"start":{"line":16,"column":1},"end":{"line":16,"column":1}}]},"5":{"line":18,"type":"if","locations":[{"start":{"line":18,"column":1},"end":{"line":18,"column":1}},{"start":{"line":18,"column":1},"end":{"line":18,"column":1}}]},"6":{"line":22,"type":"if","locations":[{"start":{"line":22,"column":1},"end":{"line":22,"column":1}},{"start":{"line":22,"column":1},"end":{"line":22,"column":1}}]},"7":{"line":25,"type":"if","locations":[{"start":{"line":25,"column":1},"end":{"line":25,"column":1}},{"start":{"line":25,"column":1},"end":{"line":25,"column":1}}]},"8":{"line":28,"type":"cond-expr","locations":[{"start":{"line":28,"column":39},"end":{"line":28,"column":44}},{"start":{"line":28,"column":47},"end":{"line":28,"column":51}}]},"9":{"line":31,"type":"switch","locations":[{"start":{"line":32,"column":3},"end":{"line":36,"column":39}},{"start":{"line":37,"column":3},"end":{"line":38,"column":33}},{"start":{"line":39,"column":3},"end":{"line":41,"column":51}}]},"10":{"line":33,"type":"if","locations":[{"start":{"line":33,"column":4},"end":{"line":33,"column":4}},{"start":{"line":33,"column":4},"end":{"line":33,"column":4}}]},"11":{"line":33,"type":"binary-expr","locations":[{"start":{"line":33,"column":7},"end":{"line":33,"column":48}},{"start":{"line":33,"column":52},"end":{"line":33,"column":87}}]},"12":{"line":47,"type":"if","locations":[{"start":{"line":47,"column":1},"end":{"line":47,"column":1}},{"start":{"line":47,"column":1},"end":{"line":47,"column":1}}]},"13":{"line":47,"type":"binary-expr","locations":[{"start":{"line":47,"column":4},"end":{"line":47,"column":45}},{"start":{"line":47,"column":49},"end":{"line":47,"column":83}}]},"14":{"line":71,"type":"binary-expr","locations":[{"start":{"line":71,"column":17},"end":{"line":71,"column":24}},{"start":{"line":71,"column":28},"end":{"line":71,"column":101}}]}},"code":["","var http = require('http'),","\thttps = require('https'),","\turl = require('url'),","\tparse = require('./parser');","","module.exports = function(opts, buffer, cb){","\tvar streamed = typeof buffer === \"function\";","\t//All IPP requires are POSTs- so we must have some data.","\t//  10 is just a number I picked- this probably should have something more meaningful","\tif(!Buffer.isBuffer(buffer) || buffer.length<10){","\t\treturn cb(new Error(\"Data required\"));","\t}","\tif(typeof opts === \"string\")","\t\topts = url.parse(opts);","\tif(!opts.port) opts.port = 631;","","\tif(!opts.headers) opts.headers = {};","\topts.headers['Content-Type'] = 'application/ipp';","\topts.method = \"POST\";","\t","\tif(opts.protocol===\"ipp:\")","\t\topts.protocol=\"http:\";","","\tif(opts.protocol===\"ipps:\")","\t\topts.protocol=\"https:\";","","\tvar req = (opts.protocol===\"https:\" ? https : http).request(opts, function(res){","//\t\tconsole.log('STATUS: ' + res.statusCode);","//\t\tconsole.log('HEADERS: ' + JSON.stringify(res.headers));","\t\tswitch(res.statusCode){","\t\t\tcase 100:","\t\t\t\tif(opts.headers['Expect'] !== '100-Continue' || typeof opts.continue !== \"function\"){","\t\t\t\t\tcb(new IppResponseError(res.statusCode));","\t\t\t\t}","\t\t\t\treturn console.log(\"100 Continue\");","\t\t\tcase 200:","\t\t\t\treturn readResponse(res, cb);","\t\t\tdefault:","\t\t\t\tcb(new IppResponseError(res.statusCode));","\t\t\t\treturn console.log(res.statusCode, \"response\");","\t\t}","\t});","\treq.on('error', function(err) {","\t\tcb(err);","\t});","\tif(opts.headers['Expect'] === '100-Continue' && typeof opts.continue=== \"function\"){","\t\treq.on('continue', function() {","\t\t\topts.continue(req);","\t\t});","\t}","\treq.write(buffer);","\treq.end();","};","function readResponse(res, cb){","\tvar chunks = [],length=0;","\tres.on('data', function(chunk){","\t\tlength+=chunk.length;","\t\tchunks.push(chunk);","\t});","\tres.on('end', function(){","\t\tvar response = parse(Buffer.concat(chunks, length));","\t\tdelete response.operation;","\t\tcb(null, response);","\t});","}","","function IppResponseError(statusCode, message) {","  this.name = 'IppResponseError';","  this.statusCode = statusCode;","  this.message = message || 'Received unexpected response status ' + statusCode + ' from the printer';","  this.stack = (new Error()).stack;","}","IppResponseError.prototype = Object.create(Error.prototype);","IppResponseError.prototype.constructor = IppResponseError;",""],"l":{"2":1,"7":1,"8":0,"11":0,"12":0,"14":0,"15":0,"16":0,"18":0,"19":0,"20":0,"22":0,"23":0,"25":0,"26":0,"28":0,"31":0,"33":0,"34":0,"36":0,"38":0,"40":0,"41":0,"44":0,"45":0,"47":0,"48":0,"49":0,"52":0,"53":0,"55":1,"56":0,"57":0,"58":0,"59":0,"61":0,"62":0,"63":0,"64":0,"68":1,"69":0,"70":0,"71":0,"72":0,"74":1,"75":1}},"/home/travis/build/npmtest/node-npmtest-ipp/node_modules/ipp/lib/printer.js":{"path":"/home/travis/build/npmtest/node-npmtest-ipp/node_modules/ipp/lib/printer.js","s":{"1":1,"2":1,"3":0,"4":0,"5":0,"6":0,"7":0,"8":0,"9":0,"10":0,"11":1,"12":0,"13":0,"14":0,"15":0,"16":0,"17":0,"18":0,"19":0,"20":0,"21":0,"22":0,"23":0,"24":0,"25":0,"26":1},"b":{"1":[0,0],"2":[0,0],"3":[0,0],"4":[0,0],"5":[0,0],"6":[0,0],"7":[0,0],"8":[0,0],"9":[0,0],"10":[0,0],"11":[0,0],"12":[0,0],"13":[0,0]},"f":{"1":0,"2":0,"3":0},"fnMap":{"1":{"name":"Printer","line":8,"loc":{"start":{"line":8,"column":0},"end":{"line":8,"column":27}}},"2":{"name":"(anonymous_2)","line":18,"loc":{"start":{"line":18,"column":11},"end":{"line":18,"column":35}}},"3":{"name":"(anonymous_3)","line":44,"loc":{"start":{"line":44,"column":10},"end":{"line":44,"column":38}}}},"statementMap":{"1":{"start":{"line":2,"column":0},"end":{"line":6,"column":2}},"2":{"start":{"line":8,"column":0},"end":{"line":16,"column":1}},"3":{"start":{"line":9,"column":1},"end":{"line":9,"column":62}},"4":{"start":{"line":9,"column":32},"end":{"line":9,"column":62}},"5":{"start":{"line":10,"column":1},"end":{"line":10,"column":19}},"6":{"start":{"line":11,"column":1},"end":{"line":11,"column":55}},"7":{"start":{"line":12,"column":1},"end":{"line":12,"column":38}},"8":{"start":{"line":13,"column":1},"end":{"line":13,"column":65}},"9":{"start":{"line":14,"column":1},"end":{"line":14,"column":40}},"10":{"start":{"line":15,"column":1},"end":{"line":15,"column":42}},"11":{"start":{"line":17,"column":0},"end":{"line":53,"column":1}},"12":{"start":{"line":19,"column":2},"end":{"line":19,"column":76}},"13":{"start":{"line":19,"column":39},"end":{"line":19,"column":76}},"14":{"start":{"line":21,"column":2},"end":{"line":31,"column":4}},"15":{"start":{"line":33,"column":2},"end":{"line":37,"column":92}},"16":{"start":{"line":34,"column":3},"end":{"line":34,"column":90}},"17":{"start":{"line":36,"column":7},"end":{"line":37,"column":92}},"18":{"start":{"line":37,"column":3},"end":{"line":37,"column":92}},"19":{"start":{"line":39,"column":2},"end":{"line":39,"column":26}},"20":{"start":{"line":40,"column":2},"end":{"line":41,"column":57}},"21":{"start":{"line":41,"column":3},"end":{"line":41,"column":57}},"22":{"start":{"line":42,"column":2},"end":{"line":42,"column":13}},"23":{"start":{"line":45,"column":2},"end":{"line":45,"column":38}},"24":{"start":{"line":46,"column":2},"end":{"line":46,"column":27}},"25":{"start":{"line":51,"column":2},"end":{"line":51,"column":29}},"26":{"start":{"line":55,"column":0},"end":{"line":55,"column":25}}},"branchMap":{"1":{"line":9,"type":"if","locations":[{"start":{"line":9,"column":1},"end":{"line":9,"column":1}},{"start":{"line":9,"column":1},"end":{"line":9,"column":1}}]},"2":{"line":10,"type":"binary-expr","locations":[{"start":{"line":10,"column":8},"end":{"line":10,"column":12}},{"start":{"line":10,"column":16},"end":{"line":10,"column":18}}]},"3":{"line":11,"type":"cond-expr","locations":[{"start":{"line":11,"column":35},"end":{"line":11,"column":48}},{"start":{"line":11,"column":51},"end":{"line":11,"column":54}}]},"4":{"line":12,"type":"binary-expr","locations":[{"start":{"line":12,"column":16},"end":{"line":12,"column":28}},{"start":{"line":12,"column":32},"end":{"line":12,"column":37}}]},"5":{"line":13,"type":"binary-expr","locations":[{"start":{"line":13,"column":12},"end":{"line":13,"column":20}},{"start":{"line":13,"column":24},"end":{"line":13,"column":64}}]},"6":{"line":14,"type":"binary-expr","locations":[{"start":{"line":14,"column":16},"end":{"line":14,"column":28}},{"start":{"line":14,"column":32},"end":{"line":14,"column":39}}]},"7":{"line":15,"type":"binary-expr","locations":[{"start":{"line":15,"column":17},"end":{"line":15,"column":30}},{"start":{"line":15,"column":34},"end":{"line":15,"column":41}}]},"8":{"line":19,"type":"if","locations":[{"start":{"line":19,"column":2},"end":{"line":19,"column":2}},{"start":{"line":19,"column":2},"end":{"line":19,"column":2}}]},"9":{"line":33,"type":"if","locations":[{"start":{"line":33,"column":2},"end":{"line":33,"column":2}},{"start":{"line":33,"column":2},"end":{"line":33,"column":2}}]},"10":{"line":33,"type":"binary-expr","locations":[{"start":{"line":33,"column":5},"end":{"line":33,"column":8}},{"start":{"line":33,"column":12},"end":{"line":33,"column":53}}]},"11":{"line":36,"type":"if","locations":[{"start":{"line":36,"column":7},"end":{"line":36,"column":7}},{"start":{"line":36,"column":7},"end":{"line":36,"column":7}}]},"12":{"line":36,"type":"binary-expr","locations":[{"start":{"line":36,"column":10},"end":{"line":36,"column":13}},{"start":{"line":36,"column":17},"end":{"line":36,"column":59}}]},"13":{"line":40,"type":"if","locations":[{"start":{"line":40,"column":2},"end":{"line":40,"column":2}},{"start":{"line":40,"column":2},"end":{"line":40,"column":2}}]}},"code":["","var request = require('./request'),","\tserialize = require('./serializer'),","\textend = require('./ipputil').extend,","\tparseurl = require('url').parse","\t;","","function Printer(url, opts){","\tif(!(this instanceof Printer)) return new Printer(url, opts);","\topts = opts || {};","\tthis.url = typeof url===\"string\"? parseurl(url) : url;","\tthis.version = opts.version || '2.0';","\tthis.uri = opts.uri || 'ipp://' + this.url.host + this.url.path;","\tthis.charset = opts.charset || 'utf-8';","\tthis.language = opts.language || 'en-us';","}","Printer.prototype = {","\t_message: function(operation, msg){","\t\tif(typeof operation === \"undefined\") operation = 'Get-Printer-Attributes';","","\t\tvar base = {","\t\t\tversion: this.version,","\t\t\toperation: operation,","\t\t\tid: null,//will get added by serializer if one isn't given","\t\t\t'operation-attributes-tag': {","\t\t\t\t//these are required to be in this order","\t\t\t\t'attributes-charset': this.charset,","\t\t\t\t'attributes-natural-language': this.language,","\t\t\t\t'printer-uri': this.uri","\t\t\t}","\t\t};","\t\t//these are required to be in this order","\t\tif(msg && msg['operation-attributes-tag']['job-id'])","\t\t\tbase['operation-attributes-tag']['job-id'] = msg['operation-attributes-tag']['job-id'];","\t\t//yes, this gets done in extend()- however, by doing this now, we define the position in the result object.","\t\telse if(msg && msg['operation-attributes-tag']['job-uri'])","\t\t\tbase['operation-attributes-tag']['job-uri'] = msg['operation-attributes-tag']['job-uri'];","","\t\tmsg = extend(base, msg);","\t\tif(msg['operation-attributes-tag']['job-uri'])","\t\t\tdelete msg['operation-attributes-tag']['printer-uri'];","\t\treturn msg;","\t},","\texecute: function(operation, msg, cb){","\t\tmsg = this._message(operation, msg);","\t\tvar buf = serialize(msg);","//\t\tconsole.log(buf.toString('hex'));","//\t\tconsole.log(JSON.stringify(","//\t\t\trequire('./parser')(buf), null, 2","//\t\t));","\t\trequest(this.url, buf, cb);","\t}","}","","module.exports = Printer;",""],"l":{"2":1,"8":1,"9":0,"10":0,"11":0,"12":0,"13":0,"14":0,"15":0,"17":1,"19":0,"21":0,"33":0,"34":0,"36":0,"37":0,"39":0,"40":0,"41":0,"42":0,"45":0,"46":0,"51":0,"55":1}},"/home/travis/build/npmtest/node-npmtest-ipp/node_modules/ipp/lib/message.js":{"path":"/home/travis/build/npmtest/node-npmtest-ipp/node_modules/ipp/lib/message.js","s":{"1":1,"2":1,"3":0,"4":0,"5":1,"6":0,"7":0,"8":1,"9":0,"10":0,"11":1,"12":0,"13":0,"14":1,"15":0,"16":0,"17":0,"18":0,"19":1,"20":0,"21":0,"22":0,"23":0,"24":0,"25":0,"26":0,"27":0,"28":0,"29":0,"30":0,"31":0,"32":0,"33":1},"b":{},"f":{"1":0,"2":0,"3":0,"4":0,"5":0,"6":0},"fnMap":{"1":{"name":"msg","line":6,"loc":{"start":{"line":6,"column":0},"end":{"line":6,"column":33}}},"2":{"name":"write1","line":9,"loc":{"start":{"line":9,"column":1},"end":{"line":9,"column":21}}},"3":{"name":"write2","line":13,"loc":{"start":{"line":13,"column":1},"end":{"line":13,"column":21}}},"4":{"name":"write4","line":17,"loc":{"start":{"line":17,"column":1},"end":{"line":17,"column":21}}},"5":{"name":"write","line":21,"loc":{"start":{"line":21,"column":1},"end":{"line":21,"column":20}}},"6":{"name":"attr","line":27,"loc":{"start":{"line":27,"column":1},"end":{"line":27,"column":33}}}},"statementMap":{"1":{"start":{"line":3,"column":0},"end":{"line":3,"column":28}},"2":{"start":{"line":6,"column":0},"end":{"line":63,"column":1}},"3":{"start":{"line":7,"column":1},"end":{"line":7,"column":28}},"4":{"start":{"line":8,"column":1},"end":{"line":8,"column":18}},"5":{"start":{"line":9,"column":1},"end":{"line":12,"column":2}},"6":{"start":{"line":10,"column":2},"end":{"line":10,"column":32}},"7":{"start":{"line":11,"column":2},"end":{"line":11,"column":14}},"8":{"start":{"line":13,"column":1},"end":{"line":16,"column":2}},"9":{"start":{"line":14,"column":2},"end":{"line":14,"column":35}},"10":{"start":{"line":15,"column":2},"end":{"line":15,"column":14}},"11":{"start":{"line":17,"column":1},"end":{"line":20,"column":2}},"12":{"start":{"line":18,"column":2},"end":{"line":18,"column":35}},"13":{"start":{"line":19,"column":2},"end":{"line":19,"column":14}},"14":{"start":{"line":21,"column":1},"end":{"line":26,"column":2}},"15":{"start":{"line":22,"column":2},"end":{"line":22,"column":38}},"16":{"start":{"line":23,"column":2},"end":{"line":23,"column":17}},"17":{"start":{"line":24,"column":2},"end":{"line":24,"column":35}},"18":{"start":{"line":25,"column":2},"end":{"line":25,"column":19}},"19":{"start":{"line":27,"column":1},"end":{"line":33,"column":2}},"20":{"start":{"line":28,"column":2},"end":{"line":28,"column":14}},"21":{"start":{"line":29,"column":2},"end":{"line":29,"column":14}},"22":{"start":{"line":30,"column":2},"end":{"line":32,"column":3}},"23":{"start":{"line":31,"column":3},"end":{"line":31,"column":20}},"24":{"start":{"line":51,"column":1},"end":{"line":51,"column":16}},"25":{"start":{"line":52,"column":1},"end":{"line":52,"column":19}},"26":{"start":{"line":53,"column":1},"end":{"line":53,"column":12}},"27":{"start":{"line":56,"column":1},"end":{"line":56,"column":41}},"28":{"start":{"line":57,"column":1},"end":{"line":57,"column":52}},"29":{"start":{"line":58,"column":1},"end":{"line":58,"column":69}},"30":{"start":{"line":59,"column":1},"end":{"line":59,"column":47}},"31":{"start":{"line":61,"column":1},"end":{"line":61,"column":14}},"32":{"start":{"line":62,"column":1},"end":{"line":62,"column":31}},"33":{"start":{"line":65,"column":0},"end":{"line":65,"column":21}}},"branchMap":{},"code":["","","var tag = require('./tags');","","","function msg(host, operation, id){","\tvar buf = new Buffer(1024);","\tvar position = 0;","\tfunction write1(val){","\t\tbuf.writeUInt8(val, position);","\t\tposition+=1;","\t}","\tfunction write2(val){","\t\tbuf.writeUInt16BE(val, position);","\t\tposition+=2;","\t}","\tfunction write4(val){","\t\tbuf.writeUInt32BE(val, position);","\t\tposition+=4;","\t}","\tfunction write(str){","\t\tvar length = Buffer.byteLength(str);","\t\twrite2(length);","\t\tbuf.write(str, position, length);","\t\tposition+=length;","\t}","\tfunction attr(tag, name, values){","\t\twrite1(tag);","\t\twrite(name);","\t\tfor(var i=0;i<values.length;i++){","\t\t\twrite(values[i]);","\t\t}","\t}","\t//http://tools.ietf.org/html/rfc2910#section-3.1.1","\t//\t-----------------------------------------------","\t//\t|                  version-number             |   2 bytes  - required","\t//\t-----------------------------------------------","\t//\t|               operation-id (request)        |","\t//\t|                      or                     |   2 bytes  - required","\t//\t|               status-code (response)        |","\t//\t-----------------------------------------------","\t//\t|                   request-id                |   4 bytes  - required","\t//\t-----------------------------------------------","\t//\t|                 attribute-group             |   n bytes - 0 or more","\t//\t-----------------------------------------------","\t//\t|              end-of-attributes-tag          |   1 byte   - required","\t//\t-----------------------------------------------","\t//\t|                     data                    |   q bytes  - optional","\t//\t-----------------------------------------------","","\twrite2(0x0200);//version 2.0","\twrite2(operation);","\twrite4(id);//request-id","","\t//the required stuff...","\twrite1(tag['operation-attributes-tag']);//0x01","\tattr(tag.charset, 'attributes-charset', ['utf-8']);","\tattr(tag.naturalLanguage, 'attributes-natural-language', ['en-us']);","\tattr(tag.uri, 'printer-uri', ['ipp://'+host]);","","\twrite1(0x03);//end","\treturn buf.slice(0, position);","}","","module.exports = msg;"],"l":{"3":1,"6":1,"7":0,"8":0,"9":1,"10":0,"11":0,"13":1,"14":0,"15":0,"17":1,"18":0,"19":0,"21":1,"22":0,"23":0,"24":0,"25":0,"27":1,"28":0,"29":0,"30":0,"31":0,"51":0,"52":0,"53":0,"56":0,"57":0,"58":0,"59":0,"61":0,"62":0,"65":1}}}